ARM GAS  C:\Users\Matvey\AppData\Local\Temp\ccK3u51G.s 			page 1


   1              		.cpu cortex-m3
   2              		.arch armv7-m
   3              		.fpu softvfp
   4              		.eabi_attribute 20, 1
   5              		.eabi_attribute 21, 1
   6              		.eabi_attribute 23, 3
   7              		.eabi_attribute 24, 1
   8              		.eabi_attribute 25, 1
   9              		.eabi_attribute 26, 1
  10              		.eabi_attribute 30, 6
  11              		.eabi_attribute 34, 1
  12              		.eabi_attribute 18, 4
  13              		.file	"stm32f1xx_hal_exti.c"
  14              		.text
  15              	.Ltext0:
  16              		.cfi_sections	.debug_frame
  17              		.section	.text.HAL_EXTI_SetConfigLine,"ax",%progbits
  18              		.align	1
  19              		.global	HAL_EXTI_SetConfigLine
  20              		.syntax unified
  21              		.thumb
  22              		.thumb_func
  24              	HAL_EXTI_SetConfigLine:
  25              	.LFB65:
  26              		.file 1 "Drivers/STM32F1xx_HAL_Driver/Src/stm32f1xx_hal_exti.c"
   1:Drivers/STM32F1xx_HAL_Driver/Src/stm32f1xx_hal_exti.c **** /**
   2:Drivers/STM32F1xx_HAL_Driver/Src/stm32f1xx_hal_exti.c ****   ******************************************************************************
   3:Drivers/STM32F1xx_HAL_Driver/Src/stm32f1xx_hal_exti.c ****   * @file    stm32f1xx_hal_exti.c
   4:Drivers/STM32F1xx_HAL_Driver/Src/stm32f1xx_hal_exti.c ****   * @author  MCD Application Team
   5:Drivers/STM32F1xx_HAL_Driver/Src/stm32f1xx_hal_exti.c ****   * @brief   EXTI HAL module driver.
   6:Drivers/STM32F1xx_HAL_Driver/Src/stm32f1xx_hal_exti.c ****   *          This file provides firmware functions to manage the following
   7:Drivers/STM32F1xx_HAL_Driver/Src/stm32f1xx_hal_exti.c ****   *          functionalities of the Extended Interrupts and events controller (EXTI) peripheral:
   8:Drivers/STM32F1xx_HAL_Driver/Src/stm32f1xx_hal_exti.c ****   *           + Initialization and de-initialization functions
   9:Drivers/STM32F1xx_HAL_Driver/Src/stm32f1xx_hal_exti.c ****   *           + IO operation functions
  10:Drivers/STM32F1xx_HAL_Driver/Src/stm32f1xx_hal_exti.c ****   *
  11:Drivers/STM32F1xx_HAL_Driver/Src/stm32f1xx_hal_exti.c ****   ******************************************************************************
  12:Drivers/STM32F1xx_HAL_Driver/Src/stm32f1xx_hal_exti.c ****   * @attention
  13:Drivers/STM32F1xx_HAL_Driver/Src/stm32f1xx_hal_exti.c ****   *
  14:Drivers/STM32F1xx_HAL_Driver/Src/stm32f1xx_hal_exti.c ****   * Copyright (c) 2019 STMicroelectronics.
  15:Drivers/STM32F1xx_HAL_Driver/Src/stm32f1xx_hal_exti.c ****   * All rights reserved.
  16:Drivers/STM32F1xx_HAL_Driver/Src/stm32f1xx_hal_exti.c ****   *
  17:Drivers/STM32F1xx_HAL_Driver/Src/stm32f1xx_hal_exti.c ****   * This software is licensed under terms that can be found in the LICENSE file
  18:Drivers/STM32F1xx_HAL_Driver/Src/stm32f1xx_hal_exti.c ****   * in the root directory of this software component.
  19:Drivers/STM32F1xx_HAL_Driver/Src/stm32f1xx_hal_exti.c ****   * If no LICENSE file comes with this software, it is provided AS-IS.
  20:Drivers/STM32F1xx_HAL_Driver/Src/stm32f1xx_hal_exti.c ****   *
  21:Drivers/STM32F1xx_HAL_Driver/Src/stm32f1xx_hal_exti.c ****   ******************************************************************************
  22:Drivers/STM32F1xx_HAL_Driver/Src/stm32f1xx_hal_exti.c ****   @verbatim
  23:Drivers/STM32F1xx_HAL_Driver/Src/stm32f1xx_hal_exti.c ****   ==============================================================================
  24:Drivers/STM32F1xx_HAL_Driver/Src/stm32f1xx_hal_exti.c ****                     ##### EXTI Peripheral features #####
  25:Drivers/STM32F1xx_HAL_Driver/Src/stm32f1xx_hal_exti.c ****   ==============================================================================
  26:Drivers/STM32F1xx_HAL_Driver/Src/stm32f1xx_hal_exti.c ****   [..]
  27:Drivers/STM32F1xx_HAL_Driver/Src/stm32f1xx_hal_exti.c ****     (+) Each Exti line can be configured within this driver.
  28:Drivers/STM32F1xx_HAL_Driver/Src/stm32f1xx_hal_exti.c **** 
  29:Drivers/STM32F1xx_HAL_Driver/Src/stm32f1xx_hal_exti.c ****     (+) Exti line can be configured in 3 different modes
  30:Drivers/STM32F1xx_HAL_Driver/Src/stm32f1xx_hal_exti.c ****         (++) Interrupt
  31:Drivers/STM32F1xx_HAL_Driver/Src/stm32f1xx_hal_exti.c ****         (++) Event
  32:Drivers/STM32F1xx_HAL_Driver/Src/stm32f1xx_hal_exti.c ****         (++) Both of them
ARM GAS  C:\Users\Matvey\AppData\Local\Temp\ccK3u51G.s 			page 2


  33:Drivers/STM32F1xx_HAL_Driver/Src/stm32f1xx_hal_exti.c **** 
  34:Drivers/STM32F1xx_HAL_Driver/Src/stm32f1xx_hal_exti.c ****     (+) Configurable Exti lines can be configured with 3 different triggers
  35:Drivers/STM32F1xx_HAL_Driver/Src/stm32f1xx_hal_exti.c ****         (++) Rising
  36:Drivers/STM32F1xx_HAL_Driver/Src/stm32f1xx_hal_exti.c ****         (++) Falling
  37:Drivers/STM32F1xx_HAL_Driver/Src/stm32f1xx_hal_exti.c ****         (++) Both of them
  38:Drivers/STM32F1xx_HAL_Driver/Src/stm32f1xx_hal_exti.c **** 
  39:Drivers/STM32F1xx_HAL_Driver/Src/stm32f1xx_hal_exti.c ****     (+) When set in interrupt mode, configurable Exti lines have two different
  40:Drivers/STM32F1xx_HAL_Driver/Src/stm32f1xx_hal_exti.c ****         interrupts pending registers which allow to distinguish which transition
  41:Drivers/STM32F1xx_HAL_Driver/Src/stm32f1xx_hal_exti.c ****         occurs:
  42:Drivers/STM32F1xx_HAL_Driver/Src/stm32f1xx_hal_exti.c ****         (++) Rising edge pending interrupt
  43:Drivers/STM32F1xx_HAL_Driver/Src/stm32f1xx_hal_exti.c ****         (++) Falling
  44:Drivers/STM32F1xx_HAL_Driver/Src/stm32f1xx_hal_exti.c **** 
  45:Drivers/STM32F1xx_HAL_Driver/Src/stm32f1xx_hal_exti.c ****     (+) Exti lines 0 to 15 are linked to gpio pin number 0 to 15. Gpio port can
  46:Drivers/STM32F1xx_HAL_Driver/Src/stm32f1xx_hal_exti.c ****         be selected through multiplexer.
  47:Drivers/STM32F1xx_HAL_Driver/Src/stm32f1xx_hal_exti.c **** 
  48:Drivers/STM32F1xx_HAL_Driver/Src/stm32f1xx_hal_exti.c ****                      ##### How to use this driver #####
  49:Drivers/STM32F1xx_HAL_Driver/Src/stm32f1xx_hal_exti.c ****   ==============================================================================
  50:Drivers/STM32F1xx_HAL_Driver/Src/stm32f1xx_hal_exti.c ****   [..]
  51:Drivers/STM32F1xx_HAL_Driver/Src/stm32f1xx_hal_exti.c **** 
  52:Drivers/STM32F1xx_HAL_Driver/Src/stm32f1xx_hal_exti.c ****     (#) Configure the EXTI line using HAL_EXTI_SetConfigLine().
  53:Drivers/STM32F1xx_HAL_Driver/Src/stm32f1xx_hal_exti.c ****         (++) Choose the interrupt line number by setting "Line" member from
  54:Drivers/STM32F1xx_HAL_Driver/Src/stm32f1xx_hal_exti.c ****              EXTI_ConfigTypeDef structure.
  55:Drivers/STM32F1xx_HAL_Driver/Src/stm32f1xx_hal_exti.c ****         (++) Configure the interrupt and/or event mode using "Mode" member from
  56:Drivers/STM32F1xx_HAL_Driver/Src/stm32f1xx_hal_exti.c ****              EXTI_ConfigTypeDef structure.
  57:Drivers/STM32F1xx_HAL_Driver/Src/stm32f1xx_hal_exti.c ****         (++) For configurable lines, configure rising and/or falling trigger
  58:Drivers/STM32F1xx_HAL_Driver/Src/stm32f1xx_hal_exti.c ****              "Trigger" member from EXTI_ConfigTypeDef structure.
  59:Drivers/STM32F1xx_HAL_Driver/Src/stm32f1xx_hal_exti.c ****         (++) For Exti lines linked to gpio, choose gpio port using "GPIOSel"
  60:Drivers/STM32F1xx_HAL_Driver/Src/stm32f1xx_hal_exti.c ****              member from GPIO_InitTypeDef structure.
  61:Drivers/STM32F1xx_HAL_Driver/Src/stm32f1xx_hal_exti.c **** 
  62:Drivers/STM32F1xx_HAL_Driver/Src/stm32f1xx_hal_exti.c ****     (#) Get current Exti configuration of a dedicated line using
  63:Drivers/STM32F1xx_HAL_Driver/Src/stm32f1xx_hal_exti.c ****         HAL_EXTI_GetConfigLine().
  64:Drivers/STM32F1xx_HAL_Driver/Src/stm32f1xx_hal_exti.c ****         (++) Provide exiting handle as parameter.
  65:Drivers/STM32F1xx_HAL_Driver/Src/stm32f1xx_hal_exti.c ****         (++) Provide pointer on EXTI_ConfigTypeDef structure as second parameter.
  66:Drivers/STM32F1xx_HAL_Driver/Src/stm32f1xx_hal_exti.c **** 
  67:Drivers/STM32F1xx_HAL_Driver/Src/stm32f1xx_hal_exti.c ****     (#) Clear Exti configuration of a dedicated line using HAL_EXTI_ClearConfigLine().
  68:Drivers/STM32F1xx_HAL_Driver/Src/stm32f1xx_hal_exti.c ****         (++) Provide exiting handle as parameter.
  69:Drivers/STM32F1xx_HAL_Driver/Src/stm32f1xx_hal_exti.c **** 
  70:Drivers/STM32F1xx_HAL_Driver/Src/stm32f1xx_hal_exti.c ****     (#) Register callback to treat Exti interrupts using HAL_EXTI_RegisterCallback().
  71:Drivers/STM32F1xx_HAL_Driver/Src/stm32f1xx_hal_exti.c ****         (++) Provide exiting handle as first parameter.
  72:Drivers/STM32F1xx_HAL_Driver/Src/stm32f1xx_hal_exti.c ****         (++) Provide which callback will be registered using one value from
  73:Drivers/STM32F1xx_HAL_Driver/Src/stm32f1xx_hal_exti.c ****              EXTI_CallbackIDTypeDef.
  74:Drivers/STM32F1xx_HAL_Driver/Src/stm32f1xx_hal_exti.c ****         (++) Provide callback function pointer.
  75:Drivers/STM32F1xx_HAL_Driver/Src/stm32f1xx_hal_exti.c **** 
  76:Drivers/STM32F1xx_HAL_Driver/Src/stm32f1xx_hal_exti.c ****     (#) Get interrupt pending bit using HAL_EXTI_GetPending().
  77:Drivers/STM32F1xx_HAL_Driver/Src/stm32f1xx_hal_exti.c **** 
  78:Drivers/STM32F1xx_HAL_Driver/Src/stm32f1xx_hal_exti.c ****     (#) Clear interrupt pending bit using HAL_EXTI_ClearPending().
  79:Drivers/STM32F1xx_HAL_Driver/Src/stm32f1xx_hal_exti.c **** 
  80:Drivers/STM32F1xx_HAL_Driver/Src/stm32f1xx_hal_exti.c ****     (#) Generate software interrupt using HAL_EXTI_GenerateSWI().
  81:Drivers/STM32F1xx_HAL_Driver/Src/stm32f1xx_hal_exti.c **** 
  82:Drivers/STM32F1xx_HAL_Driver/Src/stm32f1xx_hal_exti.c ****   @endverbatim
  83:Drivers/STM32F1xx_HAL_Driver/Src/stm32f1xx_hal_exti.c ****   */
  84:Drivers/STM32F1xx_HAL_Driver/Src/stm32f1xx_hal_exti.c **** 
  85:Drivers/STM32F1xx_HAL_Driver/Src/stm32f1xx_hal_exti.c **** /* Includes ------------------------------------------------------------------*/
  86:Drivers/STM32F1xx_HAL_Driver/Src/stm32f1xx_hal_exti.c **** #include "stm32f1xx_hal.h"
  87:Drivers/STM32F1xx_HAL_Driver/Src/stm32f1xx_hal_exti.c **** 
  88:Drivers/STM32F1xx_HAL_Driver/Src/stm32f1xx_hal_exti.c **** /** @addtogroup STM32F1xx_HAL_Driver
  89:Drivers/STM32F1xx_HAL_Driver/Src/stm32f1xx_hal_exti.c ****   * @{
ARM GAS  C:\Users\Matvey\AppData\Local\Temp\ccK3u51G.s 			page 3


  90:Drivers/STM32F1xx_HAL_Driver/Src/stm32f1xx_hal_exti.c ****   */
  91:Drivers/STM32F1xx_HAL_Driver/Src/stm32f1xx_hal_exti.c **** 
  92:Drivers/STM32F1xx_HAL_Driver/Src/stm32f1xx_hal_exti.c **** /** @addtogroup EXTI
  93:Drivers/STM32F1xx_HAL_Driver/Src/stm32f1xx_hal_exti.c ****   * @{
  94:Drivers/STM32F1xx_HAL_Driver/Src/stm32f1xx_hal_exti.c ****   */
  95:Drivers/STM32F1xx_HAL_Driver/Src/stm32f1xx_hal_exti.c **** /** MISRA C:2012 deviation rule has been granted for following rule:
  96:Drivers/STM32F1xx_HAL_Driver/Src/stm32f1xx_hal_exti.c ****   * Rule-18.1_b - Medium: Array `EXTICR' 1st subscript interval [0,7] may be out
  97:Drivers/STM32F1xx_HAL_Driver/Src/stm32f1xx_hal_exti.c ****   * of bounds [0,3] in following API :
  98:Drivers/STM32F1xx_HAL_Driver/Src/stm32f1xx_hal_exti.c ****   * HAL_EXTI_SetConfigLine
  99:Drivers/STM32F1xx_HAL_Driver/Src/stm32f1xx_hal_exti.c ****   * HAL_EXTI_GetConfigLine
 100:Drivers/STM32F1xx_HAL_Driver/Src/stm32f1xx_hal_exti.c ****   * HAL_EXTI_ClearConfigLine
 101:Drivers/STM32F1xx_HAL_Driver/Src/stm32f1xx_hal_exti.c ****   */
 102:Drivers/STM32F1xx_HAL_Driver/Src/stm32f1xx_hal_exti.c **** 
 103:Drivers/STM32F1xx_HAL_Driver/Src/stm32f1xx_hal_exti.c **** #ifdef HAL_EXTI_MODULE_ENABLED
 104:Drivers/STM32F1xx_HAL_Driver/Src/stm32f1xx_hal_exti.c **** 
 105:Drivers/STM32F1xx_HAL_Driver/Src/stm32f1xx_hal_exti.c **** /* Private typedef -----------------------------------------------------------*/
 106:Drivers/STM32F1xx_HAL_Driver/Src/stm32f1xx_hal_exti.c **** /* Private defines -----------------------------------------------------------*/
 107:Drivers/STM32F1xx_HAL_Driver/Src/stm32f1xx_hal_exti.c **** /** @defgroup EXTI_Private_Constants EXTI Private Constants
 108:Drivers/STM32F1xx_HAL_Driver/Src/stm32f1xx_hal_exti.c ****   * @{
 109:Drivers/STM32F1xx_HAL_Driver/Src/stm32f1xx_hal_exti.c ****   */
 110:Drivers/STM32F1xx_HAL_Driver/Src/stm32f1xx_hal_exti.c **** 
 111:Drivers/STM32F1xx_HAL_Driver/Src/stm32f1xx_hal_exti.c **** /**
 112:Drivers/STM32F1xx_HAL_Driver/Src/stm32f1xx_hal_exti.c ****   * @}
 113:Drivers/STM32F1xx_HAL_Driver/Src/stm32f1xx_hal_exti.c ****   */
 114:Drivers/STM32F1xx_HAL_Driver/Src/stm32f1xx_hal_exti.c **** 
 115:Drivers/STM32F1xx_HAL_Driver/Src/stm32f1xx_hal_exti.c **** /* Private macros ------------------------------------------------------------*/
 116:Drivers/STM32F1xx_HAL_Driver/Src/stm32f1xx_hal_exti.c **** /* Private variables ---------------------------------------------------------*/
 117:Drivers/STM32F1xx_HAL_Driver/Src/stm32f1xx_hal_exti.c **** /* Private function prototypes -----------------------------------------------*/
 118:Drivers/STM32F1xx_HAL_Driver/Src/stm32f1xx_hal_exti.c **** /* Exported functions --------------------------------------------------------*/
 119:Drivers/STM32F1xx_HAL_Driver/Src/stm32f1xx_hal_exti.c **** 
 120:Drivers/STM32F1xx_HAL_Driver/Src/stm32f1xx_hal_exti.c **** /** @addtogroup EXTI_Exported_Functions
 121:Drivers/STM32F1xx_HAL_Driver/Src/stm32f1xx_hal_exti.c ****   * @{
 122:Drivers/STM32F1xx_HAL_Driver/Src/stm32f1xx_hal_exti.c ****   */
 123:Drivers/STM32F1xx_HAL_Driver/Src/stm32f1xx_hal_exti.c **** 
 124:Drivers/STM32F1xx_HAL_Driver/Src/stm32f1xx_hal_exti.c **** /** @addtogroup EXTI_Exported_Functions_Group1
 125:Drivers/STM32F1xx_HAL_Driver/Src/stm32f1xx_hal_exti.c ****   *  @brief    Configuration functions
 126:Drivers/STM32F1xx_HAL_Driver/Src/stm32f1xx_hal_exti.c ****   *
 127:Drivers/STM32F1xx_HAL_Driver/Src/stm32f1xx_hal_exti.c **** @verbatim
 128:Drivers/STM32F1xx_HAL_Driver/Src/stm32f1xx_hal_exti.c ****  ===============================================================================
 129:Drivers/STM32F1xx_HAL_Driver/Src/stm32f1xx_hal_exti.c ****               ##### Configuration functions #####
 130:Drivers/STM32F1xx_HAL_Driver/Src/stm32f1xx_hal_exti.c ****  ===============================================================================
 131:Drivers/STM32F1xx_HAL_Driver/Src/stm32f1xx_hal_exti.c **** 
 132:Drivers/STM32F1xx_HAL_Driver/Src/stm32f1xx_hal_exti.c **** @endverbatim
 133:Drivers/STM32F1xx_HAL_Driver/Src/stm32f1xx_hal_exti.c ****   * @{
 134:Drivers/STM32F1xx_HAL_Driver/Src/stm32f1xx_hal_exti.c ****   */
 135:Drivers/STM32F1xx_HAL_Driver/Src/stm32f1xx_hal_exti.c **** 
 136:Drivers/STM32F1xx_HAL_Driver/Src/stm32f1xx_hal_exti.c **** /**
 137:Drivers/STM32F1xx_HAL_Driver/Src/stm32f1xx_hal_exti.c ****   * @brief  Set configuration of a dedicated Exti line.
 138:Drivers/STM32F1xx_HAL_Driver/Src/stm32f1xx_hal_exti.c ****   * @param  hexti Exti handle.
 139:Drivers/STM32F1xx_HAL_Driver/Src/stm32f1xx_hal_exti.c ****   * @param  pExtiConfig Pointer on EXTI configuration to be set.
 140:Drivers/STM32F1xx_HAL_Driver/Src/stm32f1xx_hal_exti.c ****   * @retval HAL Status.
 141:Drivers/STM32F1xx_HAL_Driver/Src/stm32f1xx_hal_exti.c ****   */
 142:Drivers/STM32F1xx_HAL_Driver/Src/stm32f1xx_hal_exti.c **** HAL_StatusTypeDef HAL_EXTI_SetConfigLine(EXTI_HandleTypeDef *hexti, EXTI_ConfigTypeDef *pExtiConfig
 143:Drivers/STM32F1xx_HAL_Driver/Src/stm32f1xx_hal_exti.c **** {
  27              		.loc 1 143 1
  28              		.cfi_startproc
  29              		@ args = 0, pretend = 0, frame = 24
ARM GAS  C:\Users\Matvey\AppData\Local\Temp\ccK3u51G.s 			page 4


  30              		@ frame_needed = 1, uses_anonymous_args = 0
  31              		@ link register save eliminated.
  32 0000 80B4     		push	{r7}
  33              	.LCFI0:
  34              		.cfi_def_cfa_offset 4
  35              		.cfi_offset 7, -4
  36 0002 87B0     		sub	sp, sp, #28
  37              	.LCFI1:
  38              		.cfi_def_cfa_offset 32
  39 0004 00AF     		add	r7, sp, #0
  40              	.LCFI2:
  41              		.cfi_def_cfa_register 7
  42 0006 7860     		str	r0, [r7, #4]
  43 0008 3960     		str	r1, [r7]
 144:Drivers/STM32F1xx_HAL_Driver/Src/stm32f1xx_hal_exti.c ****   uint32_t regval;
 145:Drivers/STM32F1xx_HAL_Driver/Src/stm32f1xx_hal_exti.c ****   uint32_t linepos;
 146:Drivers/STM32F1xx_HAL_Driver/Src/stm32f1xx_hal_exti.c ****   uint32_t maskline;
 147:Drivers/STM32F1xx_HAL_Driver/Src/stm32f1xx_hal_exti.c **** 
 148:Drivers/STM32F1xx_HAL_Driver/Src/stm32f1xx_hal_exti.c ****   /* Check null pointer */
 149:Drivers/STM32F1xx_HAL_Driver/Src/stm32f1xx_hal_exti.c ****   if ((hexti == NULL) || (pExtiConfig == NULL))
  44              		.loc 1 149 6
  45 000a 7B68     		ldr	r3, [r7, #4]
  46 000c 002B     		cmp	r3, #0
  47 000e 02D0     		beq	.L2
  48              		.loc 1 149 23 discriminator 1
  49 0010 3B68     		ldr	r3, [r7]
  50 0012 002B     		cmp	r3, #0
  51 0014 01D1     		bne	.L3
  52              	.L2:
 150:Drivers/STM32F1xx_HAL_Driver/Src/stm32f1xx_hal_exti.c ****   {
 151:Drivers/STM32F1xx_HAL_Driver/Src/stm32f1xx_hal_exti.c ****     return HAL_ERROR;
  53              		.loc 1 151 12
  54 0016 0123     		movs	r3, #1
  55 0018 8FE0     		b	.L4
  56              	.L3:
 152:Drivers/STM32F1xx_HAL_Driver/Src/stm32f1xx_hal_exti.c ****   }
 153:Drivers/STM32F1xx_HAL_Driver/Src/stm32f1xx_hal_exti.c **** 
 154:Drivers/STM32F1xx_HAL_Driver/Src/stm32f1xx_hal_exti.c ****   /* Check parameters */
 155:Drivers/STM32F1xx_HAL_Driver/Src/stm32f1xx_hal_exti.c ****   assert_param(IS_EXTI_LINE(pExtiConfig->Line));
 156:Drivers/STM32F1xx_HAL_Driver/Src/stm32f1xx_hal_exti.c ****   assert_param(IS_EXTI_MODE(pExtiConfig->Mode));
 157:Drivers/STM32F1xx_HAL_Driver/Src/stm32f1xx_hal_exti.c **** 
 158:Drivers/STM32F1xx_HAL_Driver/Src/stm32f1xx_hal_exti.c ****   /* Assign line number to handle */
 159:Drivers/STM32F1xx_HAL_Driver/Src/stm32f1xx_hal_exti.c ****   hexti->Line = pExtiConfig->Line;
  57              		.loc 1 159 28
  58 001a 3B68     		ldr	r3, [r7]
  59 001c 1A68     		ldr	r2, [r3]
  60              		.loc 1 159 15
  61 001e 7B68     		ldr	r3, [r7, #4]
  62 0020 1A60     		str	r2, [r3]
 160:Drivers/STM32F1xx_HAL_Driver/Src/stm32f1xx_hal_exti.c **** 
 161:Drivers/STM32F1xx_HAL_Driver/Src/stm32f1xx_hal_exti.c ****   /* Compute line mask */
 162:Drivers/STM32F1xx_HAL_Driver/Src/stm32f1xx_hal_exti.c ****   linepos = (pExtiConfig->Line & EXTI_PIN_MASK);
  63              		.loc 1 162 25
  64 0022 3B68     		ldr	r3, [r7]
  65 0024 1B68     		ldr	r3, [r3]
  66              		.loc 1 162 11
  67 0026 03F01F03 		and	r3, r3, #31
ARM GAS  C:\Users\Matvey\AppData\Local\Temp\ccK3u51G.s 			page 5


  68 002a 7B61     		str	r3, [r7, #20]
 163:Drivers/STM32F1xx_HAL_Driver/Src/stm32f1xx_hal_exti.c ****   maskline = (1uL << linepos);
  69              		.loc 1 163 12
  70 002c 0122     		movs	r2, #1
  71 002e 7B69     		ldr	r3, [r7, #20]
  72 0030 02FA03F3 		lsl	r3, r2, r3
  73 0034 3B61     		str	r3, [r7, #16]
 164:Drivers/STM32F1xx_HAL_Driver/Src/stm32f1xx_hal_exti.c **** 
 165:Drivers/STM32F1xx_HAL_Driver/Src/stm32f1xx_hal_exti.c ****   /* Configure triggers for configurable lines */
 166:Drivers/STM32F1xx_HAL_Driver/Src/stm32f1xx_hal_exti.c ****   if ((pExtiConfig->Line & EXTI_CONFIG) != 0x00u)
  74              		.loc 1 166 19
  75 0036 3B68     		ldr	r3, [r7]
  76 0038 1B68     		ldr	r3, [r3]
  77              		.loc 1 166 26
  78 003a 03F00073 		and	r3, r3, #33554432
  79              		.loc 1 166 6
  80 003e 002B     		cmp	r3, #0
  81 0040 52D0     		beq	.L5
 167:Drivers/STM32F1xx_HAL_Driver/Src/stm32f1xx_hal_exti.c ****   {
 168:Drivers/STM32F1xx_HAL_Driver/Src/stm32f1xx_hal_exti.c ****     assert_param(IS_EXTI_TRIGGER(pExtiConfig->Trigger));
 169:Drivers/STM32F1xx_HAL_Driver/Src/stm32f1xx_hal_exti.c **** 
 170:Drivers/STM32F1xx_HAL_Driver/Src/stm32f1xx_hal_exti.c ****     /* Configure rising trigger */
 171:Drivers/STM32F1xx_HAL_Driver/Src/stm32f1xx_hal_exti.c ****     /* Mask or set line */
 172:Drivers/STM32F1xx_HAL_Driver/Src/stm32f1xx_hal_exti.c ****     if ((pExtiConfig->Trigger & EXTI_TRIGGER_RISING) != 0x00u)
  82              		.loc 1 172 21
  83 0042 3B68     		ldr	r3, [r7]
  84 0044 9B68     		ldr	r3, [r3, #8]
  85              		.loc 1 172 31
  86 0046 03F00103 		and	r3, r3, #1
  87              		.loc 1 172 8
  88 004a 002B     		cmp	r3, #0
  89 004c 06D0     		beq	.L6
 173:Drivers/STM32F1xx_HAL_Driver/Src/stm32f1xx_hal_exti.c ****     {
 174:Drivers/STM32F1xx_HAL_Driver/Src/stm32f1xx_hal_exti.c ****       EXTI->RTSR |= maskline;
  90              		.loc 1 174 18
  91 004e 3D4B     		ldr	r3, .L14
  92 0050 9A68     		ldr	r2, [r3, #8]
  93 0052 3C49     		ldr	r1, .L14
  94 0054 3B69     		ldr	r3, [r7, #16]
  95 0056 1343     		orrs	r3, r3, r2
  96 0058 8B60     		str	r3, [r1, #8]
  97 005a 06E0     		b	.L7
  98              	.L6:
 175:Drivers/STM32F1xx_HAL_Driver/Src/stm32f1xx_hal_exti.c ****     }
 176:Drivers/STM32F1xx_HAL_Driver/Src/stm32f1xx_hal_exti.c ****     else
 177:Drivers/STM32F1xx_HAL_Driver/Src/stm32f1xx_hal_exti.c ****     {
 178:Drivers/STM32F1xx_HAL_Driver/Src/stm32f1xx_hal_exti.c ****       EXTI->RTSR &= ~maskline;
  99              		.loc 1 178 18
 100 005c 394B     		ldr	r3, .L14
 101 005e 9A68     		ldr	r2, [r3, #8]
 102              		.loc 1 178 21
 103 0060 3B69     		ldr	r3, [r7, #16]
 104 0062 DB43     		mvns	r3, r3
 105              		.loc 1 178 18
 106 0064 3749     		ldr	r1, .L14
 107 0066 1340     		ands	r3, r3, r2
 108 0068 8B60     		str	r3, [r1, #8]
ARM GAS  C:\Users\Matvey\AppData\Local\Temp\ccK3u51G.s 			page 6


 109              	.L7:
 179:Drivers/STM32F1xx_HAL_Driver/Src/stm32f1xx_hal_exti.c ****     }
 180:Drivers/STM32F1xx_HAL_Driver/Src/stm32f1xx_hal_exti.c **** 
 181:Drivers/STM32F1xx_HAL_Driver/Src/stm32f1xx_hal_exti.c ****     /* Configure falling trigger */
 182:Drivers/STM32F1xx_HAL_Driver/Src/stm32f1xx_hal_exti.c ****     /* Mask or set line */
 183:Drivers/STM32F1xx_HAL_Driver/Src/stm32f1xx_hal_exti.c ****     if ((pExtiConfig->Trigger & EXTI_TRIGGER_FALLING) != 0x00u)
 110              		.loc 1 183 21
 111 006a 3B68     		ldr	r3, [r7]
 112 006c 9B68     		ldr	r3, [r3, #8]
 113              		.loc 1 183 31
 114 006e 03F00203 		and	r3, r3, #2
 115              		.loc 1 183 8
 116 0072 002B     		cmp	r3, #0
 117 0074 06D0     		beq	.L8
 184:Drivers/STM32F1xx_HAL_Driver/Src/stm32f1xx_hal_exti.c ****     {
 185:Drivers/STM32F1xx_HAL_Driver/Src/stm32f1xx_hal_exti.c ****       EXTI->FTSR |= maskline;
 118              		.loc 1 185 18
 119 0076 334B     		ldr	r3, .L14
 120 0078 DA68     		ldr	r2, [r3, #12]
 121 007a 3249     		ldr	r1, .L14
 122 007c 3B69     		ldr	r3, [r7, #16]
 123 007e 1343     		orrs	r3, r3, r2
 124 0080 CB60     		str	r3, [r1, #12]
 125 0082 06E0     		b	.L9
 126              	.L8:
 186:Drivers/STM32F1xx_HAL_Driver/Src/stm32f1xx_hal_exti.c ****     }
 187:Drivers/STM32F1xx_HAL_Driver/Src/stm32f1xx_hal_exti.c ****     else
 188:Drivers/STM32F1xx_HAL_Driver/Src/stm32f1xx_hal_exti.c ****     {
 189:Drivers/STM32F1xx_HAL_Driver/Src/stm32f1xx_hal_exti.c ****       EXTI->FTSR &= ~maskline;
 127              		.loc 1 189 18
 128 0084 2F4B     		ldr	r3, .L14
 129 0086 DA68     		ldr	r2, [r3, #12]
 130              		.loc 1 189 21
 131 0088 3B69     		ldr	r3, [r7, #16]
 132 008a DB43     		mvns	r3, r3
 133              		.loc 1 189 18
 134 008c 2D49     		ldr	r1, .L14
 135 008e 1340     		ands	r3, r3, r2
 136 0090 CB60     		str	r3, [r1, #12]
 137              	.L9:
 190:Drivers/STM32F1xx_HAL_Driver/Src/stm32f1xx_hal_exti.c ****     }
 191:Drivers/STM32F1xx_HAL_Driver/Src/stm32f1xx_hal_exti.c **** 
 192:Drivers/STM32F1xx_HAL_Driver/Src/stm32f1xx_hal_exti.c **** 
 193:Drivers/STM32F1xx_HAL_Driver/Src/stm32f1xx_hal_exti.c ****     /* Configure gpio port selection in case of gpio exti line */
 194:Drivers/STM32F1xx_HAL_Driver/Src/stm32f1xx_hal_exti.c ****     if ((pExtiConfig->Line & EXTI_GPIO) == EXTI_GPIO)
 138              		.loc 1 194 21
 139 0092 3B68     		ldr	r3, [r7]
 140 0094 1B68     		ldr	r3, [r3]
 141              		.loc 1 194 28
 142 0096 03F0C063 		and	r3, r3, #100663296
 143              		.loc 1 194 8
 144 009a B3F1C06F 		cmp	r3, #100663296
 145 009e 23D1     		bne	.L5
 195:Drivers/STM32F1xx_HAL_Driver/Src/stm32f1xx_hal_exti.c ****     {
 196:Drivers/STM32F1xx_HAL_Driver/Src/stm32f1xx_hal_exti.c ****       assert_param(IS_EXTI_GPIO_PORT(pExtiConfig->GPIOSel));
 197:Drivers/STM32F1xx_HAL_Driver/Src/stm32f1xx_hal_exti.c ****       assert_param(IS_EXTI_GPIO_PIN(linepos));
 198:Drivers/STM32F1xx_HAL_Driver/Src/stm32f1xx_hal_exti.c ****       
ARM GAS  C:\Users\Matvey\AppData\Local\Temp\ccK3u51G.s 			page 7


 199:Drivers/STM32F1xx_HAL_Driver/Src/stm32f1xx_hal_exti.c ****       regval = AFIO->EXTICR[linepos >> 2u];
 146              		.loc 1 199 20
 147 00a0 294A     		ldr	r2, .L14+4
 148              		.loc 1 199 37
 149 00a2 7B69     		ldr	r3, [r7, #20]
 150 00a4 9B08     		lsrs	r3, r3, #2
 151              		.loc 1 199 14
 152 00a6 0233     		adds	r3, r3, #2
 153 00a8 52F82330 		ldr	r3, [r2, r3, lsl #2]
 154 00ac FB60     		str	r3, [r7, #12]
 200:Drivers/STM32F1xx_HAL_Driver/Src/stm32f1xx_hal_exti.c ****       regval &= ~(AFIO_EXTICR1_EXTI0 << (AFIO_EXTICR1_EXTI1_Pos * (linepos & 0x03u)));
 155              		.loc 1 200 76
 156 00ae 7B69     		ldr	r3, [r7, #20]
 157 00b0 03F00303 		and	r3, r3, #3
 158              		.loc 1 200 65
 159 00b4 9B00     		lsls	r3, r3, #2
 160              		.loc 1 200 38
 161 00b6 0F22     		movs	r2, #15
 162 00b8 02FA03F3 		lsl	r3, r2, r3
 163              		.loc 1 200 17
 164 00bc DB43     		mvns	r3, r3
 165              		.loc 1 200 14
 166 00be FA68     		ldr	r2, [r7, #12]
 167 00c0 1340     		ands	r3, r3, r2
 168 00c2 FB60     		str	r3, [r7, #12]
 201:Drivers/STM32F1xx_HAL_Driver/Src/stm32f1xx_hal_exti.c ****       regval |= (pExtiConfig->GPIOSel << (AFIO_EXTICR1_EXTI1_Pos * (linepos & 0x03u)));
 169              		.loc 1 201 29
 170 00c4 3B68     		ldr	r3, [r7]
 171 00c6 DA68     		ldr	r2, [r3, #12]
 172              		.loc 1 201 77
 173 00c8 7B69     		ldr	r3, [r7, #20]
 174 00ca 03F00303 		and	r3, r3, #3
 175              		.loc 1 201 66
 176 00ce 9B00     		lsls	r3, r3, #2
 177              		.loc 1 201 39
 178 00d0 02FA03F3 		lsl	r3, r2, r3
 179              		.loc 1 201 14
 180 00d4 FA68     		ldr	r2, [r7, #12]
 181 00d6 1343     		orrs	r3, r3, r2
 182 00d8 FB60     		str	r3, [r7, #12]
 202:Drivers/STM32F1xx_HAL_Driver/Src/stm32f1xx_hal_exti.c ****       AFIO->EXTICR[linepos >> 2u] = regval;
 183              		.loc 1 202 11
 184 00da 1B49     		ldr	r1, .L14+4
 185              		.loc 1 202 28
 186 00dc 7B69     		ldr	r3, [r7, #20]
 187 00de 9B08     		lsrs	r3, r3, #2
 188              		.loc 1 202 35
 189 00e0 0233     		adds	r3, r3, #2
 190 00e2 FA68     		ldr	r2, [r7, #12]
 191 00e4 41F82320 		str	r2, [r1, r3, lsl #2]
 192              	.L5:
 203:Drivers/STM32F1xx_HAL_Driver/Src/stm32f1xx_hal_exti.c ****     }
 204:Drivers/STM32F1xx_HAL_Driver/Src/stm32f1xx_hal_exti.c ****   }
 205:Drivers/STM32F1xx_HAL_Driver/Src/stm32f1xx_hal_exti.c **** 
 206:Drivers/STM32F1xx_HAL_Driver/Src/stm32f1xx_hal_exti.c ****   /* Configure interrupt mode : read current mode */
 207:Drivers/STM32F1xx_HAL_Driver/Src/stm32f1xx_hal_exti.c ****   /* Mask or set line */
 208:Drivers/STM32F1xx_HAL_Driver/Src/stm32f1xx_hal_exti.c ****   if ((pExtiConfig->Mode & EXTI_MODE_INTERRUPT) != 0x00u)
ARM GAS  C:\Users\Matvey\AppData\Local\Temp\ccK3u51G.s 			page 8


 193              		.loc 1 208 19
 194 00e8 3B68     		ldr	r3, [r7]
 195 00ea 5B68     		ldr	r3, [r3, #4]
 196              		.loc 1 208 26
 197 00ec 03F00103 		and	r3, r3, #1
 198              		.loc 1 208 6
 199 00f0 002B     		cmp	r3, #0
 200 00f2 06D0     		beq	.L10
 209:Drivers/STM32F1xx_HAL_Driver/Src/stm32f1xx_hal_exti.c ****   {
 210:Drivers/STM32F1xx_HAL_Driver/Src/stm32f1xx_hal_exti.c ****     EXTI->IMR |= maskline;
 201              		.loc 1 210 15
 202 00f4 134B     		ldr	r3, .L14
 203 00f6 1A68     		ldr	r2, [r3]
 204 00f8 1249     		ldr	r1, .L14
 205 00fa 3B69     		ldr	r3, [r7, #16]
 206 00fc 1343     		orrs	r3, r3, r2
 207 00fe 0B60     		str	r3, [r1]
 208 0100 06E0     		b	.L11
 209              	.L10:
 211:Drivers/STM32F1xx_HAL_Driver/Src/stm32f1xx_hal_exti.c ****   }
 212:Drivers/STM32F1xx_HAL_Driver/Src/stm32f1xx_hal_exti.c ****   else
 213:Drivers/STM32F1xx_HAL_Driver/Src/stm32f1xx_hal_exti.c ****   {
 214:Drivers/STM32F1xx_HAL_Driver/Src/stm32f1xx_hal_exti.c ****     EXTI->IMR &= ~maskline;
 210              		.loc 1 214 15
 211 0102 104B     		ldr	r3, .L14
 212 0104 1A68     		ldr	r2, [r3]
 213              		.loc 1 214 18
 214 0106 3B69     		ldr	r3, [r7, #16]
 215 0108 DB43     		mvns	r3, r3
 216              		.loc 1 214 15
 217 010a 0E49     		ldr	r1, .L14
 218 010c 1340     		ands	r3, r3, r2
 219 010e 0B60     		str	r3, [r1]
 220              	.L11:
 215:Drivers/STM32F1xx_HAL_Driver/Src/stm32f1xx_hal_exti.c ****   }
 216:Drivers/STM32F1xx_HAL_Driver/Src/stm32f1xx_hal_exti.c **** 
 217:Drivers/STM32F1xx_HAL_Driver/Src/stm32f1xx_hal_exti.c ****   /* Configure event mode : read current mode */
 218:Drivers/STM32F1xx_HAL_Driver/Src/stm32f1xx_hal_exti.c ****   /* Mask or set line */
 219:Drivers/STM32F1xx_HAL_Driver/Src/stm32f1xx_hal_exti.c ****   if ((pExtiConfig->Mode & EXTI_MODE_EVENT) != 0x00u)
 221              		.loc 1 219 19
 222 0110 3B68     		ldr	r3, [r7]
 223 0112 5B68     		ldr	r3, [r3, #4]
 224              		.loc 1 219 26
 225 0114 03F00203 		and	r3, r3, #2
 226              		.loc 1 219 6
 227 0118 002B     		cmp	r3, #0
 228 011a 06D0     		beq	.L12
 220:Drivers/STM32F1xx_HAL_Driver/Src/stm32f1xx_hal_exti.c ****   {
 221:Drivers/STM32F1xx_HAL_Driver/Src/stm32f1xx_hal_exti.c ****     EXTI->EMR |= maskline;
 229              		.loc 1 221 15
 230 011c 094B     		ldr	r3, .L14
 231 011e 5A68     		ldr	r2, [r3, #4]
 232 0120 0849     		ldr	r1, .L14
 233 0122 3B69     		ldr	r3, [r7, #16]
 234 0124 1343     		orrs	r3, r3, r2
 235 0126 4B60     		str	r3, [r1, #4]
 236 0128 06E0     		b	.L13
ARM GAS  C:\Users\Matvey\AppData\Local\Temp\ccK3u51G.s 			page 9


 237              	.L12:
 222:Drivers/STM32F1xx_HAL_Driver/Src/stm32f1xx_hal_exti.c ****   }
 223:Drivers/STM32F1xx_HAL_Driver/Src/stm32f1xx_hal_exti.c ****   else
 224:Drivers/STM32F1xx_HAL_Driver/Src/stm32f1xx_hal_exti.c ****   {
 225:Drivers/STM32F1xx_HAL_Driver/Src/stm32f1xx_hal_exti.c ****     EXTI->EMR &= ~maskline;
 238              		.loc 1 225 15
 239 012a 064B     		ldr	r3, .L14
 240 012c 5A68     		ldr	r2, [r3, #4]
 241              		.loc 1 225 18
 242 012e 3B69     		ldr	r3, [r7, #16]
 243 0130 DB43     		mvns	r3, r3
 244              		.loc 1 225 15
 245 0132 0449     		ldr	r1, .L14
 246 0134 1340     		ands	r3, r3, r2
 247 0136 4B60     		str	r3, [r1, #4]
 248              	.L13:
 226:Drivers/STM32F1xx_HAL_Driver/Src/stm32f1xx_hal_exti.c ****   }
 227:Drivers/STM32F1xx_HAL_Driver/Src/stm32f1xx_hal_exti.c **** 
 228:Drivers/STM32F1xx_HAL_Driver/Src/stm32f1xx_hal_exti.c ****   return HAL_OK;
 249              		.loc 1 228 10
 250 0138 0023     		movs	r3, #0
 251              	.L4:
 229:Drivers/STM32F1xx_HAL_Driver/Src/stm32f1xx_hal_exti.c **** }
 252              		.loc 1 229 1
 253 013a 1846     		mov	r0, r3
 254 013c 1C37     		adds	r7, r7, #28
 255              	.LCFI3:
 256              		.cfi_def_cfa_offset 4
 257 013e BD46     		mov	sp, r7
 258              	.LCFI4:
 259              		.cfi_def_cfa_register 13
 260              		@ sp needed
 261 0140 80BC     		pop	{r7}
 262              	.LCFI5:
 263              		.cfi_restore 7
 264              		.cfi_def_cfa_offset 0
 265 0142 7047     		bx	lr
 266              	.L15:
 267              		.align	2
 268              	.L14:
 269 0144 00040140 		.word	1073808384
 270 0148 00000140 		.word	1073807360
 271              		.cfi_endproc
 272              	.LFE65:
 274              		.section	.text.HAL_EXTI_GetConfigLine,"ax",%progbits
 275              		.align	1
 276              		.global	HAL_EXTI_GetConfigLine
 277              		.syntax unified
 278              		.thumb
 279              		.thumb_func
 281              	HAL_EXTI_GetConfigLine:
 282              	.LFB66:
 230:Drivers/STM32F1xx_HAL_Driver/Src/stm32f1xx_hal_exti.c **** 
 231:Drivers/STM32F1xx_HAL_Driver/Src/stm32f1xx_hal_exti.c **** /**
 232:Drivers/STM32F1xx_HAL_Driver/Src/stm32f1xx_hal_exti.c ****   * @brief  Get configuration of a dedicated Exti line.
 233:Drivers/STM32F1xx_HAL_Driver/Src/stm32f1xx_hal_exti.c ****   * @param  hexti Exti handle.
 234:Drivers/STM32F1xx_HAL_Driver/Src/stm32f1xx_hal_exti.c ****   * @param  pExtiConfig Pointer on structure to store Exti configuration.
ARM GAS  C:\Users\Matvey\AppData\Local\Temp\ccK3u51G.s 			page 10


 235:Drivers/STM32F1xx_HAL_Driver/Src/stm32f1xx_hal_exti.c ****   * @retval HAL Status.
 236:Drivers/STM32F1xx_HAL_Driver/Src/stm32f1xx_hal_exti.c ****   */
 237:Drivers/STM32F1xx_HAL_Driver/Src/stm32f1xx_hal_exti.c **** HAL_StatusTypeDef HAL_EXTI_GetConfigLine(EXTI_HandleTypeDef *hexti, EXTI_ConfigTypeDef *pExtiConfig
 238:Drivers/STM32F1xx_HAL_Driver/Src/stm32f1xx_hal_exti.c **** {
 283              		.loc 1 238 1
 284              		.cfi_startproc
 285              		@ args = 0, pretend = 0, frame = 24
 286              		@ frame_needed = 1, uses_anonymous_args = 0
 287              		@ link register save eliminated.
 288 0000 80B4     		push	{r7}
 289              	.LCFI6:
 290              		.cfi_def_cfa_offset 4
 291              		.cfi_offset 7, -4
 292 0002 87B0     		sub	sp, sp, #28
 293              	.LCFI7:
 294              		.cfi_def_cfa_offset 32
 295 0004 00AF     		add	r7, sp, #0
 296              	.LCFI8:
 297              		.cfi_def_cfa_register 7
 298 0006 7860     		str	r0, [r7, #4]
 299 0008 3960     		str	r1, [r7]
 239:Drivers/STM32F1xx_HAL_Driver/Src/stm32f1xx_hal_exti.c ****   uint32_t regval;
 240:Drivers/STM32F1xx_HAL_Driver/Src/stm32f1xx_hal_exti.c ****   uint32_t linepos;
 241:Drivers/STM32F1xx_HAL_Driver/Src/stm32f1xx_hal_exti.c ****   uint32_t maskline;
 242:Drivers/STM32F1xx_HAL_Driver/Src/stm32f1xx_hal_exti.c **** 
 243:Drivers/STM32F1xx_HAL_Driver/Src/stm32f1xx_hal_exti.c ****   /* Check null pointer */
 244:Drivers/STM32F1xx_HAL_Driver/Src/stm32f1xx_hal_exti.c ****   if ((hexti == NULL) || (pExtiConfig == NULL))
 300              		.loc 1 244 6
 301 000a 7B68     		ldr	r3, [r7, #4]
 302 000c 002B     		cmp	r3, #0
 303 000e 02D0     		beq	.L17
 304              		.loc 1 244 23 discriminator 1
 305 0010 3B68     		ldr	r3, [r7]
 306 0012 002B     		cmp	r3, #0
 307 0014 01D1     		bne	.L18
 308              	.L17:
 245:Drivers/STM32F1xx_HAL_Driver/Src/stm32f1xx_hal_exti.c ****   {
 246:Drivers/STM32F1xx_HAL_Driver/Src/stm32f1xx_hal_exti.c ****     return HAL_ERROR;
 309              		.loc 1 246 12
 310 0016 0123     		movs	r3, #1
 311 0018 61E0     		b	.L19
 312              	.L18:
 247:Drivers/STM32F1xx_HAL_Driver/Src/stm32f1xx_hal_exti.c ****   }
 248:Drivers/STM32F1xx_HAL_Driver/Src/stm32f1xx_hal_exti.c **** 
 249:Drivers/STM32F1xx_HAL_Driver/Src/stm32f1xx_hal_exti.c ****   /* Check the parameter */
 250:Drivers/STM32F1xx_HAL_Driver/Src/stm32f1xx_hal_exti.c ****   assert_param(IS_EXTI_LINE(hexti->Line));
 251:Drivers/STM32F1xx_HAL_Driver/Src/stm32f1xx_hal_exti.c **** 
 252:Drivers/STM32F1xx_HAL_Driver/Src/stm32f1xx_hal_exti.c ****   /* Store handle line number to configuration structure */
 253:Drivers/STM32F1xx_HAL_Driver/Src/stm32f1xx_hal_exti.c ****   pExtiConfig->Line = hexti->Line;
 313              		.loc 1 253 28
 314 001a 7B68     		ldr	r3, [r7, #4]
 315 001c 1A68     		ldr	r2, [r3]
 316              		.loc 1 253 21
 317 001e 3B68     		ldr	r3, [r7]
 318 0020 1A60     		str	r2, [r3]
 254:Drivers/STM32F1xx_HAL_Driver/Src/stm32f1xx_hal_exti.c **** 
 255:Drivers/STM32F1xx_HAL_Driver/Src/stm32f1xx_hal_exti.c ****   /* Compute line mask */
ARM GAS  C:\Users\Matvey\AppData\Local\Temp\ccK3u51G.s 			page 11


 256:Drivers/STM32F1xx_HAL_Driver/Src/stm32f1xx_hal_exti.c ****   linepos = (pExtiConfig->Line & EXTI_PIN_MASK);
 319              		.loc 1 256 25
 320 0022 3B68     		ldr	r3, [r7]
 321 0024 1B68     		ldr	r3, [r3]
 322              		.loc 1 256 11
 323 0026 03F01F03 		and	r3, r3, #31
 324 002a 7B61     		str	r3, [r7, #20]
 257:Drivers/STM32F1xx_HAL_Driver/Src/stm32f1xx_hal_exti.c ****   maskline = (1uL << linepos);
 325              		.loc 1 257 12
 326 002c 0122     		movs	r2, #1
 327 002e 7B69     		ldr	r3, [r7, #20]
 328 0030 02FA03F3 		lsl	r3, r2, r3
 329 0034 3B61     		str	r3, [r7, #16]
 258:Drivers/STM32F1xx_HAL_Driver/Src/stm32f1xx_hal_exti.c **** 
 259:Drivers/STM32F1xx_HAL_Driver/Src/stm32f1xx_hal_exti.c ****   /* 1] Get core mode : interrupt */
 260:Drivers/STM32F1xx_HAL_Driver/Src/stm32f1xx_hal_exti.c **** 
 261:Drivers/STM32F1xx_HAL_Driver/Src/stm32f1xx_hal_exti.c ****   /* Check if selected line is enable */
 262:Drivers/STM32F1xx_HAL_Driver/Src/stm32f1xx_hal_exti.c ****   if ((EXTI->IMR & maskline) != 0x00u)
 330              		.loc 1 262 12
 331 0036 2C4B     		ldr	r3, .L26
 332 0038 1A68     		ldr	r2, [r3]
 333              		.loc 1 262 18
 334 003a 3B69     		ldr	r3, [r7, #16]
 335 003c 1340     		ands	r3, r3, r2
 336              		.loc 1 262 6
 337 003e 002B     		cmp	r3, #0
 338 0040 03D0     		beq	.L20
 263:Drivers/STM32F1xx_HAL_Driver/Src/stm32f1xx_hal_exti.c ****   {
 264:Drivers/STM32F1xx_HAL_Driver/Src/stm32f1xx_hal_exti.c ****     pExtiConfig->Mode = EXTI_MODE_INTERRUPT;
 339              		.loc 1 264 23
 340 0042 3B68     		ldr	r3, [r7]
 341 0044 0122     		movs	r2, #1
 342 0046 5A60     		str	r2, [r3, #4]
 343 0048 02E0     		b	.L21
 344              	.L20:
 265:Drivers/STM32F1xx_HAL_Driver/Src/stm32f1xx_hal_exti.c ****   }
 266:Drivers/STM32F1xx_HAL_Driver/Src/stm32f1xx_hal_exti.c ****   else
 267:Drivers/STM32F1xx_HAL_Driver/Src/stm32f1xx_hal_exti.c ****   {
 268:Drivers/STM32F1xx_HAL_Driver/Src/stm32f1xx_hal_exti.c ****     pExtiConfig->Mode = EXTI_MODE_NONE;
 345              		.loc 1 268 23
 346 004a 3B68     		ldr	r3, [r7]
 347 004c 0022     		movs	r2, #0
 348 004e 5A60     		str	r2, [r3, #4]
 349              	.L21:
 269:Drivers/STM32F1xx_HAL_Driver/Src/stm32f1xx_hal_exti.c ****   }
 270:Drivers/STM32F1xx_HAL_Driver/Src/stm32f1xx_hal_exti.c **** 
 271:Drivers/STM32F1xx_HAL_Driver/Src/stm32f1xx_hal_exti.c ****   /* Get event mode */
 272:Drivers/STM32F1xx_HAL_Driver/Src/stm32f1xx_hal_exti.c ****   /* Check if selected line is enable */
 273:Drivers/STM32F1xx_HAL_Driver/Src/stm32f1xx_hal_exti.c ****   if ((EXTI->EMR & maskline) != 0x00u)
 350              		.loc 1 273 12
 351 0050 254B     		ldr	r3, .L26
 352 0052 5A68     		ldr	r2, [r3, #4]
 353              		.loc 1 273 18
 354 0054 3B69     		ldr	r3, [r7, #16]
 355 0056 1340     		ands	r3, r3, r2
 356              		.loc 1 273 6
 357 0058 002B     		cmp	r3, #0
ARM GAS  C:\Users\Matvey\AppData\Local\Temp\ccK3u51G.s 			page 12


 358 005a 05D0     		beq	.L22
 274:Drivers/STM32F1xx_HAL_Driver/Src/stm32f1xx_hal_exti.c ****   {
 275:Drivers/STM32F1xx_HAL_Driver/Src/stm32f1xx_hal_exti.c ****     pExtiConfig->Mode |= EXTI_MODE_EVENT;
 359              		.loc 1 275 23
 360 005c 3B68     		ldr	r3, [r7]
 361 005e 5B68     		ldr	r3, [r3, #4]
 362 0060 43F00202 		orr	r2, r3, #2
 363 0064 3B68     		ldr	r3, [r7]
 364 0066 5A60     		str	r2, [r3, #4]
 365              	.L22:
 276:Drivers/STM32F1xx_HAL_Driver/Src/stm32f1xx_hal_exti.c ****   }
 277:Drivers/STM32F1xx_HAL_Driver/Src/stm32f1xx_hal_exti.c **** 
 278:Drivers/STM32F1xx_HAL_Driver/Src/stm32f1xx_hal_exti.c ****   /* Get default Trigger and GPIOSel configuration */
 279:Drivers/STM32F1xx_HAL_Driver/Src/stm32f1xx_hal_exti.c ****   pExtiConfig->Trigger = EXTI_TRIGGER_NONE;
 366              		.loc 1 279 24
 367 0068 3B68     		ldr	r3, [r7]
 368 006a 0022     		movs	r2, #0
 369 006c 9A60     		str	r2, [r3, #8]
 280:Drivers/STM32F1xx_HAL_Driver/Src/stm32f1xx_hal_exti.c ****   pExtiConfig->GPIOSel = 0x00u;
 370              		.loc 1 280 24
 371 006e 3B68     		ldr	r3, [r7]
 372 0070 0022     		movs	r2, #0
 373 0072 DA60     		str	r2, [r3, #12]
 281:Drivers/STM32F1xx_HAL_Driver/Src/stm32f1xx_hal_exti.c **** 
 282:Drivers/STM32F1xx_HAL_Driver/Src/stm32f1xx_hal_exti.c ****   /* 2] Get trigger for configurable lines : rising */
 283:Drivers/STM32F1xx_HAL_Driver/Src/stm32f1xx_hal_exti.c ****   if ((pExtiConfig->Line & EXTI_CONFIG) != 0x00u)
 374              		.loc 1 283 19
 375 0074 3B68     		ldr	r3, [r7]
 376 0076 1B68     		ldr	r3, [r3]
 377              		.loc 1 283 26
 378 0078 03F00073 		and	r3, r3, #33554432
 379              		.loc 1 283 6
 380 007c 002B     		cmp	r3, #0
 381 007e 2DD0     		beq	.L23
 284:Drivers/STM32F1xx_HAL_Driver/Src/stm32f1xx_hal_exti.c ****   {
 285:Drivers/STM32F1xx_HAL_Driver/Src/stm32f1xx_hal_exti.c ****     /* Check if configuration of selected line is enable */
 286:Drivers/STM32F1xx_HAL_Driver/Src/stm32f1xx_hal_exti.c ****     if ((EXTI->RTSR & maskline) != 0x00u)
 382              		.loc 1 286 14
 383 0080 194B     		ldr	r3, .L26
 384 0082 9A68     		ldr	r2, [r3, #8]
 385              		.loc 1 286 21
 386 0084 3B69     		ldr	r3, [r7, #16]
 387 0086 1340     		ands	r3, r3, r2
 388              		.loc 1 286 8
 389 0088 002B     		cmp	r3, #0
 390 008a 02D0     		beq	.L24
 287:Drivers/STM32F1xx_HAL_Driver/Src/stm32f1xx_hal_exti.c ****     {
 288:Drivers/STM32F1xx_HAL_Driver/Src/stm32f1xx_hal_exti.c ****       pExtiConfig->Trigger = EXTI_TRIGGER_RISING;
 391              		.loc 1 288 28
 392 008c 3B68     		ldr	r3, [r7]
 393 008e 0122     		movs	r2, #1
 394 0090 9A60     		str	r2, [r3, #8]
 395              	.L24:
 289:Drivers/STM32F1xx_HAL_Driver/Src/stm32f1xx_hal_exti.c ****     }
 290:Drivers/STM32F1xx_HAL_Driver/Src/stm32f1xx_hal_exti.c **** 
 291:Drivers/STM32F1xx_HAL_Driver/Src/stm32f1xx_hal_exti.c ****     /* Get falling configuration */
 292:Drivers/STM32F1xx_HAL_Driver/Src/stm32f1xx_hal_exti.c ****     /* Check if configuration of selected line is enable */
ARM GAS  C:\Users\Matvey\AppData\Local\Temp\ccK3u51G.s 			page 13


 293:Drivers/STM32F1xx_HAL_Driver/Src/stm32f1xx_hal_exti.c ****     if ((EXTI->FTSR & maskline) != 0x00u)
 396              		.loc 1 293 14
 397 0092 154B     		ldr	r3, .L26
 398 0094 DA68     		ldr	r2, [r3, #12]
 399              		.loc 1 293 21
 400 0096 3B69     		ldr	r3, [r7, #16]
 401 0098 1340     		ands	r3, r3, r2
 402              		.loc 1 293 8
 403 009a 002B     		cmp	r3, #0
 404 009c 05D0     		beq	.L25
 294:Drivers/STM32F1xx_HAL_Driver/Src/stm32f1xx_hal_exti.c ****     {
 295:Drivers/STM32F1xx_HAL_Driver/Src/stm32f1xx_hal_exti.c ****       pExtiConfig->Trigger |= EXTI_TRIGGER_FALLING;
 405              		.loc 1 295 28
 406 009e 3B68     		ldr	r3, [r7]
 407 00a0 9B68     		ldr	r3, [r3, #8]
 408 00a2 43F00202 		orr	r2, r3, #2
 409 00a6 3B68     		ldr	r3, [r7]
 410 00a8 9A60     		str	r2, [r3, #8]
 411              	.L25:
 296:Drivers/STM32F1xx_HAL_Driver/Src/stm32f1xx_hal_exti.c ****     }
 297:Drivers/STM32F1xx_HAL_Driver/Src/stm32f1xx_hal_exti.c **** 
 298:Drivers/STM32F1xx_HAL_Driver/Src/stm32f1xx_hal_exti.c ****     /* Get Gpio port selection for gpio lines */
 299:Drivers/STM32F1xx_HAL_Driver/Src/stm32f1xx_hal_exti.c ****     if ((pExtiConfig->Line & EXTI_GPIO) == EXTI_GPIO)
 412              		.loc 1 299 21
 413 00aa 3B68     		ldr	r3, [r7]
 414 00ac 1B68     		ldr	r3, [r3]
 415              		.loc 1 299 28
 416 00ae 03F0C063 		and	r3, r3, #100663296
 417              		.loc 1 299 8
 418 00b2 B3F1C06F 		cmp	r3, #100663296
 419 00b6 11D1     		bne	.L23
 300:Drivers/STM32F1xx_HAL_Driver/Src/stm32f1xx_hal_exti.c ****     {
 301:Drivers/STM32F1xx_HAL_Driver/Src/stm32f1xx_hal_exti.c ****       assert_param(IS_EXTI_GPIO_PIN(linepos));
 302:Drivers/STM32F1xx_HAL_Driver/Src/stm32f1xx_hal_exti.c **** 
 303:Drivers/STM32F1xx_HAL_Driver/Src/stm32f1xx_hal_exti.c ****       regval = AFIO->EXTICR[linepos >> 2u];
 420              		.loc 1 303 20
 421 00b8 0C4A     		ldr	r2, .L26+4
 422              		.loc 1 303 37
 423 00ba 7B69     		ldr	r3, [r7, #20]
 424 00bc 9B08     		lsrs	r3, r3, #2
 425              		.loc 1 303 14
 426 00be 0233     		adds	r3, r3, #2
 427 00c0 52F82330 		ldr	r3, [r2, r3, lsl #2]
 428 00c4 FB60     		str	r3, [r7, #12]
 304:Drivers/STM32F1xx_HAL_Driver/Src/stm32f1xx_hal_exti.c ****       pExtiConfig->GPIOSel = (regval >> (AFIO_EXTICR1_EXTI1_Pos * (linepos & 0x03u))) & AFIO_EXTICR
 429              		.loc 1 304 76
 430 00c6 7B69     		ldr	r3, [r7, #20]
 431 00c8 03F00303 		and	r3, r3, #3
 432              		.loc 1 304 65
 433 00cc 9B00     		lsls	r3, r3, #2
 434              		.loc 1 304 38
 435 00ce FA68     		ldr	r2, [r7, #12]
 436 00d0 22FA03F3 		lsr	r3, r2, r3
 437              		.loc 1 304 87
 438 00d4 03F00F02 		and	r2, r3, #15
 439              		.loc 1 304 28
 440 00d8 3B68     		ldr	r3, [r7]
ARM GAS  C:\Users\Matvey\AppData\Local\Temp\ccK3u51G.s 			page 14


 441 00da DA60     		str	r2, [r3, #12]
 442              	.L23:
 305:Drivers/STM32F1xx_HAL_Driver/Src/stm32f1xx_hal_exti.c ****     }
 306:Drivers/STM32F1xx_HAL_Driver/Src/stm32f1xx_hal_exti.c ****   }
 307:Drivers/STM32F1xx_HAL_Driver/Src/stm32f1xx_hal_exti.c **** 
 308:Drivers/STM32F1xx_HAL_Driver/Src/stm32f1xx_hal_exti.c ****   return HAL_OK;
 443              		.loc 1 308 10
 444 00dc 0023     		movs	r3, #0
 445              	.L19:
 309:Drivers/STM32F1xx_HAL_Driver/Src/stm32f1xx_hal_exti.c **** }
 446              		.loc 1 309 1
 447 00de 1846     		mov	r0, r3
 448 00e0 1C37     		adds	r7, r7, #28
 449              	.LCFI9:
 450              		.cfi_def_cfa_offset 4
 451 00e2 BD46     		mov	sp, r7
 452              	.LCFI10:
 453              		.cfi_def_cfa_register 13
 454              		@ sp needed
 455 00e4 80BC     		pop	{r7}
 456              	.LCFI11:
 457              		.cfi_restore 7
 458              		.cfi_def_cfa_offset 0
 459 00e6 7047     		bx	lr
 460              	.L27:
 461              		.align	2
 462              	.L26:
 463 00e8 00040140 		.word	1073808384
 464 00ec 00000140 		.word	1073807360
 465              		.cfi_endproc
 466              	.LFE66:
 468              		.section	.text.HAL_EXTI_ClearConfigLine,"ax",%progbits
 469              		.align	1
 470              		.global	HAL_EXTI_ClearConfigLine
 471              		.syntax unified
 472              		.thumb
 473              		.thumb_func
 475              	HAL_EXTI_ClearConfigLine:
 476              	.LFB67:
 310:Drivers/STM32F1xx_HAL_Driver/Src/stm32f1xx_hal_exti.c **** 
 311:Drivers/STM32F1xx_HAL_Driver/Src/stm32f1xx_hal_exti.c **** /**
 312:Drivers/STM32F1xx_HAL_Driver/Src/stm32f1xx_hal_exti.c ****   * @brief  Clear whole configuration of a dedicated Exti line.
 313:Drivers/STM32F1xx_HAL_Driver/Src/stm32f1xx_hal_exti.c ****   * @param  hexti Exti handle.
 314:Drivers/STM32F1xx_HAL_Driver/Src/stm32f1xx_hal_exti.c ****   * @retval HAL Status.
 315:Drivers/STM32F1xx_HAL_Driver/Src/stm32f1xx_hal_exti.c ****   */
 316:Drivers/STM32F1xx_HAL_Driver/Src/stm32f1xx_hal_exti.c **** HAL_StatusTypeDef HAL_EXTI_ClearConfigLine(EXTI_HandleTypeDef *hexti)
 317:Drivers/STM32F1xx_HAL_Driver/Src/stm32f1xx_hal_exti.c **** {
 477              		.loc 1 317 1
 478              		.cfi_startproc
 479              		@ args = 0, pretend = 0, frame = 24
 480              		@ frame_needed = 1, uses_anonymous_args = 0
 481              		@ link register save eliminated.
 482 0000 80B4     		push	{r7}
 483              	.LCFI12:
 484              		.cfi_def_cfa_offset 4
 485              		.cfi_offset 7, -4
 486 0002 87B0     		sub	sp, sp, #28
ARM GAS  C:\Users\Matvey\AppData\Local\Temp\ccK3u51G.s 			page 15


 487              	.LCFI13:
 488              		.cfi_def_cfa_offset 32
 489 0004 00AF     		add	r7, sp, #0
 490              	.LCFI14:
 491              		.cfi_def_cfa_register 7
 492 0006 7860     		str	r0, [r7, #4]
 318:Drivers/STM32F1xx_HAL_Driver/Src/stm32f1xx_hal_exti.c ****   uint32_t regval;
 319:Drivers/STM32F1xx_HAL_Driver/Src/stm32f1xx_hal_exti.c ****   uint32_t linepos;
 320:Drivers/STM32F1xx_HAL_Driver/Src/stm32f1xx_hal_exti.c ****   uint32_t maskline;
 321:Drivers/STM32F1xx_HAL_Driver/Src/stm32f1xx_hal_exti.c **** 
 322:Drivers/STM32F1xx_HAL_Driver/Src/stm32f1xx_hal_exti.c ****   /* Check null pointer */
 323:Drivers/STM32F1xx_HAL_Driver/Src/stm32f1xx_hal_exti.c ****   if (hexti == NULL)
 493              		.loc 1 323 6
 494 0008 7B68     		ldr	r3, [r7, #4]
 495 000a 002B     		cmp	r3, #0
 496 000c 01D1     		bne	.L29
 324:Drivers/STM32F1xx_HAL_Driver/Src/stm32f1xx_hal_exti.c ****   {
 325:Drivers/STM32F1xx_HAL_Driver/Src/stm32f1xx_hal_exti.c ****     return HAL_ERROR;
 497              		.loc 1 325 12
 498 000e 0123     		movs	r3, #1
 499 0010 4CE0     		b	.L30
 500              	.L29:
 326:Drivers/STM32F1xx_HAL_Driver/Src/stm32f1xx_hal_exti.c ****   }
 327:Drivers/STM32F1xx_HAL_Driver/Src/stm32f1xx_hal_exti.c **** 
 328:Drivers/STM32F1xx_HAL_Driver/Src/stm32f1xx_hal_exti.c ****   /* Check the parameter */
 329:Drivers/STM32F1xx_HAL_Driver/Src/stm32f1xx_hal_exti.c ****   assert_param(IS_EXTI_LINE(hexti->Line));
 330:Drivers/STM32F1xx_HAL_Driver/Src/stm32f1xx_hal_exti.c **** 
 331:Drivers/STM32F1xx_HAL_Driver/Src/stm32f1xx_hal_exti.c ****   /* compute line mask */
 332:Drivers/STM32F1xx_HAL_Driver/Src/stm32f1xx_hal_exti.c ****   linepos = (hexti->Line & EXTI_PIN_MASK);
 501              		.loc 1 332 19
 502 0012 7B68     		ldr	r3, [r7, #4]
 503 0014 1B68     		ldr	r3, [r3]
 504              		.loc 1 332 11
 505 0016 03F01F03 		and	r3, r3, #31
 506 001a 7B61     		str	r3, [r7, #20]
 333:Drivers/STM32F1xx_HAL_Driver/Src/stm32f1xx_hal_exti.c ****   maskline = (1uL << linepos);
 507              		.loc 1 333 12
 508 001c 0122     		movs	r2, #1
 509 001e 7B69     		ldr	r3, [r7, #20]
 510 0020 02FA03F3 		lsl	r3, r2, r3
 511 0024 3B61     		str	r3, [r7, #16]
 334:Drivers/STM32F1xx_HAL_Driver/Src/stm32f1xx_hal_exti.c **** 
 335:Drivers/STM32F1xx_HAL_Driver/Src/stm32f1xx_hal_exti.c ****   /* 1] Clear interrupt mode */
 336:Drivers/STM32F1xx_HAL_Driver/Src/stm32f1xx_hal_exti.c ****   EXTI->IMR = (EXTI->IMR & ~maskline);
 512              		.loc 1 336 20
 513 0026 244B     		ldr	r3, .L32
 514 0028 1A68     		ldr	r2, [r3]
 515              		.loc 1 336 28
 516 002a 3B69     		ldr	r3, [r7, #16]
 517 002c DB43     		mvns	r3, r3
 518              		.loc 1 336 7
 519 002e 2249     		ldr	r1, .L32
 520              		.loc 1 336 26
 521 0030 1340     		ands	r3, r3, r2
 522              		.loc 1 336 13
 523 0032 0B60     		str	r3, [r1]
 337:Drivers/STM32F1xx_HAL_Driver/Src/stm32f1xx_hal_exti.c **** 
ARM GAS  C:\Users\Matvey\AppData\Local\Temp\ccK3u51G.s 			page 16


 338:Drivers/STM32F1xx_HAL_Driver/Src/stm32f1xx_hal_exti.c ****   /* 2] Clear event mode */
 339:Drivers/STM32F1xx_HAL_Driver/Src/stm32f1xx_hal_exti.c ****   EXTI->EMR = (EXTI->EMR & ~maskline);
 524              		.loc 1 339 20
 525 0034 204B     		ldr	r3, .L32
 526 0036 5A68     		ldr	r2, [r3, #4]
 527              		.loc 1 339 28
 528 0038 3B69     		ldr	r3, [r7, #16]
 529 003a DB43     		mvns	r3, r3
 530              		.loc 1 339 7
 531 003c 1E49     		ldr	r1, .L32
 532              		.loc 1 339 26
 533 003e 1340     		ands	r3, r3, r2
 534              		.loc 1 339 13
 535 0040 4B60     		str	r3, [r1, #4]
 340:Drivers/STM32F1xx_HAL_Driver/Src/stm32f1xx_hal_exti.c **** 
 341:Drivers/STM32F1xx_HAL_Driver/Src/stm32f1xx_hal_exti.c ****   /* 3] Clear triggers in case of configurable lines */
 342:Drivers/STM32F1xx_HAL_Driver/Src/stm32f1xx_hal_exti.c ****   if ((hexti->Line & EXTI_CONFIG) != 0x00u)
 536              		.loc 1 342 13
 537 0042 7B68     		ldr	r3, [r7, #4]
 538 0044 1B68     		ldr	r3, [r3]
 539              		.loc 1 342 20
 540 0046 03F00073 		and	r3, r3, #33554432
 541              		.loc 1 342 6
 542 004a 002B     		cmp	r3, #0
 543 004c 2DD0     		beq	.L31
 343:Drivers/STM32F1xx_HAL_Driver/Src/stm32f1xx_hal_exti.c ****   {
 344:Drivers/STM32F1xx_HAL_Driver/Src/stm32f1xx_hal_exti.c ****     EXTI->RTSR = (EXTI->RTSR & ~maskline);
 544              		.loc 1 344 23
 545 004e 1A4B     		ldr	r3, .L32
 546 0050 9A68     		ldr	r2, [r3, #8]
 547              		.loc 1 344 32
 548 0052 3B69     		ldr	r3, [r7, #16]
 549 0054 DB43     		mvns	r3, r3
 550              		.loc 1 344 9
 551 0056 1849     		ldr	r1, .L32
 552              		.loc 1 344 30
 553 0058 1340     		ands	r3, r3, r2
 554              		.loc 1 344 16
 555 005a 8B60     		str	r3, [r1, #8]
 345:Drivers/STM32F1xx_HAL_Driver/Src/stm32f1xx_hal_exti.c ****     EXTI->FTSR = (EXTI->FTSR & ~maskline);
 556              		.loc 1 345 23
 557 005c 164B     		ldr	r3, .L32
 558 005e DA68     		ldr	r2, [r3, #12]
 559              		.loc 1 345 32
 560 0060 3B69     		ldr	r3, [r7, #16]
 561 0062 DB43     		mvns	r3, r3
 562              		.loc 1 345 9
 563 0064 1449     		ldr	r1, .L32
 564              		.loc 1 345 30
 565 0066 1340     		ands	r3, r3, r2
 566              		.loc 1 345 16
 567 0068 CB60     		str	r3, [r1, #12]
 346:Drivers/STM32F1xx_HAL_Driver/Src/stm32f1xx_hal_exti.c **** 
 347:Drivers/STM32F1xx_HAL_Driver/Src/stm32f1xx_hal_exti.c ****     /* Get Gpio port selection for gpio lines */
 348:Drivers/STM32F1xx_HAL_Driver/Src/stm32f1xx_hal_exti.c ****     if ((hexti->Line & EXTI_GPIO) == EXTI_GPIO)
 568              		.loc 1 348 15
 569 006a 7B68     		ldr	r3, [r7, #4]
ARM GAS  C:\Users\Matvey\AppData\Local\Temp\ccK3u51G.s 			page 17


 570 006c 1B68     		ldr	r3, [r3]
 571              		.loc 1 348 22
 572 006e 03F0C063 		and	r3, r3, #100663296
 573              		.loc 1 348 8
 574 0072 B3F1C06F 		cmp	r3, #100663296
 575 0076 18D1     		bne	.L31
 349:Drivers/STM32F1xx_HAL_Driver/Src/stm32f1xx_hal_exti.c ****     {
 350:Drivers/STM32F1xx_HAL_Driver/Src/stm32f1xx_hal_exti.c ****       assert_param(IS_EXTI_GPIO_PIN(linepos));
 351:Drivers/STM32F1xx_HAL_Driver/Src/stm32f1xx_hal_exti.c **** 
 352:Drivers/STM32F1xx_HAL_Driver/Src/stm32f1xx_hal_exti.c ****       regval = AFIO->EXTICR[linepos >> 2u];
 576              		.loc 1 352 20
 577 0078 104A     		ldr	r2, .L32+4
 578              		.loc 1 352 37
 579 007a 7B69     		ldr	r3, [r7, #20]
 580 007c 9B08     		lsrs	r3, r3, #2
 581              		.loc 1 352 14
 582 007e 0233     		adds	r3, r3, #2
 583 0080 52F82330 		ldr	r3, [r2, r3, lsl #2]
 584 0084 FB60     		str	r3, [r7, #12]
 353:Drivers/STM32F1xx_HAL_Driver/Src/stm32f1xx_hal_exti.c ****       regval &= ~(AFIO_EXTICR1_EXTI0 << (AFIO_EXTICR1_EXTI1_Pos * (linepos & 0x03u)));
 585              		.loc 1 353 76
 586 0086 7B69     		ldr	r3, [r7, #20]
 587 0088 03F00303 		and	r3, r3, #3
 588              		.loc 1 353 65
 589 008c 9B00     		lsls	r3, r3, #2
 590              		.loc 1 353 38
 591 008e 0F22     		movs	r2, #15
 592 0090 02FA03F3 		lsl	r3, r2, r3
 593              		.loc 1 353 17
 594 0094 DB43     		mvns	r3, r3
 595              		.loc 1 353 14
 596 0096 FA68     		ldr	r2, [r7, #12]
 597 0098 1340     		ands	r3, r3, r2
 598 009a FB60     		str	r3, [r7, #12]
 354:Drivers/STM32F1xx_HAL_Driver/Src/stm32f1xx_hal_exti.c ****       AFIO->EXTICR[linepos >> 2u] = regval;
 599              		.loc 1 354 11
 600 009c 0749     		ldr	r1, .L32+4
 601              		.loc 1 354 28
 602 009e 7B69     		ldr	r3, [r7, #20]
 603 00a0 9B08     		lsrs	r3, r3, #2
 604              		.loc 1 354 35
 605 00a2 0233     		adds	r3, r3, #2
 606 00a4 FA68     		ldr	r2, [r7, #12]
 607 00a6 41F82320 		str	r2, [r1, r3, lsl #2]
 608              	.L31:
 355:Drivers/STM32F1xx_HAL_Driver/Src/stm32f1xx_hal_exti.c ****     }
 356:Drivers/STM32F1xx_HAL_Driver/Src/stm32f1xx_hal_exti.c ****   }
 357:Drivers/STM32F1xx_HAL_Driver/Src/stm32f1xx_hal_exti.c **** 
 358:Drivers/STM32F1xx_HAL_Driver/Src/stm32f1xx_hal_exti.c ****   return HAL_OK;
 609              		.loc 1 358 10
 610 00aa 0023     		movs	r3, #0
 611              	.L30:
 359:Drivers/STM32F1xx_HAL_Driver/Src/stm32f1xx_hal_exti.c **** }
 612              		.loc 1 359 1
 613 00ac 1846     		mov	r0, r3
 614 00ae 1C37     		adds	r7, r7, #28
 615              	.LCFI15:
ARM GAS  C:\Users\Matvey\AppData\Local\Temp\ccK3u51G.s 			page 18


 616              		.cfi_def_cfa_offset 4
 617 00b0 BD46     		mov	sp, r7
 618              	.LCFI16:
 619              		.cfi_def_cfa_register 13
 620              		@ sp needed
 621 00b2 80BC     		pop	{r7}
 622              	.LCFI17:
 623              		.cfi_restore 7
 624              		.cfi_def_cfa_offset 0
 625 00b4 7047     		bx	lr
 626              	.L33:
 627 00b6 00BF     		.align	2
 628              	.L32:
 629 00b8 00040140 		.word	1073808384
 630 00bc 00000140 		.word	1073807360
 631              		.cfi_endproc
 632              	.LFE67:
 634              		.section	.text.HAL_EXTI_RegisterCallback,"ax",%progbits
 635              		.align	1
 636              		.global	HAL_EXTI_RegisterCallback
 637              		.syntax unified
 638              		.thumb
 639              		.thumb_func
 641              	HAL_EXTI_RegisterCallback:
 642              	.LFB68:
 360:Drivers/STM32F1xx_HAL_Driver/Src/stm32f1xx_hal_exti.c **** 
 361:Drivers/STM32F1xx_HAL_Driver/Src/stm32f1xx_hal_exti.c **** /**
 362:Drivers/STM32F1xx_HAL_Driver/Src/stm32f1xx_hal_exti.c ****   * @brief  Register callback for a dedicated Exti line.
 363:Drivers/STM32F1xx_HAL_Driver/Src/stm32f1xx_hal_exti.c ****   * @param  hexti Exti handle.
 364:Drivers/STM32F1xx_HAL_Driver/Src/stm32f1xx_hal_exti.c ****   * @param  CallbackID User callback identifier.
 365:Drivers/STM32F1xx_HAL_Driver/Src/stm32f1xx_hal_exti.c ****   *         This parameter can be one of @arg @ref EXTI_CallbackIDTypeDef values.
 366:Drivers/STM32F1xx_HAL_Driver/Src/stm32f1xx_hal_exti.c ****   * @param  pPendingCbfn function pointer to be stored as callback.
 367:Drivers/STM32F1xx_HAL_Driver/Src/stm32f1xx_hal_exti.c ****   * @retval HAL Status.
 368:Drivers/STM32F1xx_HAL_Driver/Src/stm32f1xx_hal_exti.c ****   */
 369:Drivers/STM32F1xx_HAL_Driver/Src/stm32f1xx_hal_exti.c **** HAL_StatusTypeDef HAL_EXTI_RegisterCallback(EXTI_HandleTypeDef *hexti, EXTI_CallbackIDTypeDef Callb
 370:Drivers/STM32F1xx_HAL_Driver/Src/stm32f1xx_hal_exti.c **** {
 643              		.loc 1 370 1
 644              		.cfi_startproc
 645              		@ args = 0, pretend = 0, frame = 24
 646              		@ frame_needed = 1, uses_anonymous_args = 0
 647              		@ link register save eliminated.
 648 0000 80B4     		push	{r7}
 649              	.LCFI18:
 650              		.cfi_def_cfa_offset 4
 651              		.cfi_offset 7, -4
 652 0002 87B0     		sub	sp, sp, #28
 653              	.LCFI19:
 654              		.cfi_def_cfa_offset 32
 655 0004 00AF     		add	r7, sp, #0
 656              	.LCFI20:
 657              		.cfi_def_cfa_register 7
 658 0006 F860     		str	r0, [r7, #12]
 659 0008 0B46     		mov	r3, r1
 660 000a 7A60     		str	r2, [r7, #4]
 661 000c FB72     		strb	r3, [r7, #11]
 371:Drivers/STM32F1xx_HAL_Driver/Src/stm32f1xx_hal_exti.c ****   HAL_StatusTypeDef status = HAL_OK;
 662              		.loc 1 371 21
ARM GAS  C:\Users\Matvey\AppData\Local\Temp\ccK3u51G.s 			page 19


 663 000e 0023     		movs	r3, #0
 664 0010 FB75     		strb	r3, [r7, #23]
 372:Drivers/STM32F1xx_HAL_Driver/Src/stm32f1xx_hal_exti.c **** 
 373:Drivers/STM32F1xx_HAL_Driver/Src/stm32f1xx_hal_exti.c ****   switch (CallbackID)
 665              		.loc 1 373 3
 666 0012 FB7A     		ldrb	r3, [r7, #11]	@ zero_extendqisi2
 667 0014 002B     		cmp	r3, #0
 668 0016 03D1     		bne	.L35
 374:Drivers/STM32F1xx_HAL_Driver/Src/stm32f1xx_hal_exti.c ****   {
 375:Drivers/STM32F1xx_HAL_Driver/Src/stm32f1xx_hal_exti.c ****     case  HAL_EXTI_COMMON_CB_ID:
 376:Drivers/STM32F1xx_HAL_Driver/Src/stm32f1xx_hal_exti.c ****       hexti->PendingCallback = pPendingCbfn;
 669              		.loc 1 376 30
 670 0018 FB68     		ldr	r3, [r7, #12]
 671 001a 7A68     		ldr	r2, [r7, #4]
 672 001c 5A60     		str	r2, [r3, #4]
 377:Drivers/STM32F1xx_HAL_Driver/Src/stm32f1xx_hal_exti.c ****       break;
 673              		.loc 1 377 7
 674 001e 02E0     		b	.L36
 675              	.L35:
 378:Drivers/STM32F1xx_HAL_Driver/Src/stm32f1xx_hal_exti.c **** 
 379:Drivers/STM32F1xx_HAL_Driver/Src/stm32f1xx_hal_exti.c ****     default:
 380:Drivers/STM32F1xx_HAL_Driver/Src/stm32f1xx_hal_exti.c ****       status = HAL_ERROR;
 676              		.loc 1 380 14
 677 0020 0123     		movs	r3, #1
 678 0022 FB75     		strb	r3, [r7, #23]
 381:Drivers/STM32F1xx_HAL_Driver/Src/stm32f1xx_hal_exti.c ****       break;
 679              		.loc 1 381 7
 680 0024 00BF     		nop
 681              	.L36:
 382:Drivers/STM32F1xx_HAL_Driver/Src/stm32f1xx_hal_exti.c ****   }
 383:Drivers/STM32F1xx_HAL_Driver/Src/stm32f1xx_hal_exti.c **** 
 384:Drivers/STM32F1xx_HAL_Driver/Src/stm32f1xx_hal_exti.c ****   return status;
 682              		.loc 1 384 10
 683 0026 FB7D     		ldrb	r3, [r7, #23]	@ zero_extendqisi2
 385:Drivers/STM32F1xx_HAL_Driver/Src/stm32f1xx_hal_exti.c **** }
 684              		.loc 1 385 1
 685 0028 1846     		mov	r0, r3
 686 002a 1C37     		adds	r7, r7, #28
 687              	.LCFI21:
 688              		.cfi_def_cfa_offset 4
 689 002c BD46     		mov	sp, r7
 690              	.LCFI22:
 691              		.cfi_def_cfa_register 13
 692              		@ sp needed
 693 002e 80BC     		pop	{r7}
 694              	.LCFI23:
 695              		.cfi_restore 7
 696              		.cfi_def_cfa_offset 0
 697 0030 7047     		bx	lr
 698              		.cfi_endproc
 699              	.LFE68:
 701              		.section	.text.HAL_EXTI_GetHandle,"ax",%progbits
 702              		.align	1
 703              		.global	HAL_EXTI_GetHandle
 704              		.syntax unified
 705              		.thumb
 706              		.thumb_func
ARM GAS  C:\Users\Matvey\AppData\Local\Temp\ccK3u51G.s 			page 20


 708              	HAL_EXTI_GetHandle:
 709              	.LFB69:
 386:Drivers/STM32F1xx_HAL_Driver/Src/stm32f1xx_hal_exti.c **** 
 387:Drivers/STM32F1xx_HAL_Driver/Src/stm32f1xx_hal_exti.c **** /**
 388:Drivers/STM32F1xx_HAL_Driver/Src/stm32f1xx_hal_exti.c ****   * @brief  Store line number as handle private field.
 389:Drivers/STM32F1xx_HAL_Driver/Src/stm32f1xx_hal_exti.c ****   * @param  hexti Exti handle.
 390:Drivers/STM32F1xx_HAL_Driver/Src/stm32f1xx_hal_exti.c ****   * @param  ExtiLine Exti line number.
 391:Drivers/STM32F1xx_HAL_Driver/Src/stm32f1xx_hal_exti.c ****   *         This parameter can be from 0 to @ref EXTI_LINE_NB.
 392:Drivers/STM32F1xx_HAL_Driver/Src/stm32f1xx_hal_exti.c ****   * @retval HAL Status.
 393:Drivers/STM32F1xx_HAL_Driver/Src/stm32f1xx_hal_exti.c ****   */
 394:Drivers/STM32F1xx_HAL_Driver/Src/stm32f1xx_hal_exti.c **** HAL_StatusTypeDef HAL_EXTI_GetHandle(EXTI_HandleTypeDef *hexti, uint32_t ExtiLine)
 395:Drivers/STM32F1xx_HAL_Driver/Src/stm32f1xx_hal_exti.c **** {
 710              		.loc 1 395 1
 711              		.cfi_startproc
 712              		@ args = 0, pretend = 0, frame = 8
 713              		@ frame_needed = 1, uses_anonymous_args = 0
 714              		@ link register save eliminated.
 715 0000 80B4     		push	{r7}
 716              	.LCFI24:
 717              		.cfi_def_cfa_offset 4
 718              		.cfi_offset 7, -4
 719 0002 83B0     		sub	sp, sp, #12
 720              	.LCFI25:
 721              		.cfi_def_cfa_offset 16
 722 0004 00AF     		add	r7, sp, #0
 723              	.LCFI26:
 724              		.cfi_def_cfa_register 7
 725 0006 7860     		str	r0, [r7, #4]
 726 0008 3960     		str	r1, [r7]
 396:Drivers/STM32F1xx_HAL_Driver/Src/stm32f1xx_hal_exti.c ****   /* Check the parameters */
 397:Drivers/STM32F1xx_HAL_Driver/Src/stm32f1xx_hal_exti.c ****   assert_param(IS_EXTI_LINE(ExtiLine));
 398:Drivers/STM32F1xx_HAL_Driver/Src/stm32f1xx_hal_exti.c **** 
 399:Drivers/STM32F1xx_HAL_Driver/Src/stm32f1xx_hal_exti.c ****   /* Check null pointer */
 400:Drivers/STM32F1xx_HAL_Driver/Src/stm32f1xx_hal_exti.c ****   if (hexti == NULL)
 727              		.loc 1 400 6
 728 000a 7B68     		ldr	r3, [r7, #4]
 729 000c 002B     		cmp	r3, #0
 730 000e 01D1     		bne	.L39
 401:Drivers/STM32F1xx_HAL_Driver/Src/stm32f1xx_hal_exti.c ****   {
 402:Drivers/STM32F1xx_HAL_Driver/Src/stm32f1xx_hal_exti.c ****     return HAL_ERROR;
 731              		.loc 1 402 12
 732 0010 0123     		movs	r3, #1
 733 0012 03E0     		b	.L40
 734              	.L39:
 403:Drivers/STM32F1xx_HAL_Driver/Src/stm32f1xx_hal_exti.c ****   }
 404:Drivers/STM32F1xx_HAL_Driver/Src/stm32f1xx_hal_exti.c ****   else
 405:Drivers/STM32F1xx_HAL_Driver/Src/stm32f1xx_hal_exti.c ****   {
 406:Drivers/STM32F1xx_HAL_Driver/Src/stm32f1xx_hal_exti.c ****     /* Store line number as handle private field */
 407:Drivers/STM32F1xx_HAL_Driver/Src/stm32f1xx_hal_exti.c ****     hexti->Line = ExtiLine;
 735              		.loc 1 407 17
 736 0014 7B68     		ldr	r3, [r7, #4]
 737 0016 3A68     		ldr	r2, [r7]
 738 0018 1A60     		str	r2, [r3]
 408:Drivers/STM32F1xx_HAL_Driver/Src/stm32f1xx_hal_exti.c **** 
 409:Drivers/STM32F1xx_HAL_Driver/Src/stm32f1xx_hal_exti.c ****     return HAL_OK;
 739              		.loc 1 409 12
 740 001a 0023     		movs	r3, #0
ARM GAS  C:\Users\Matvey\AppData\Local\Temp\ccK3u51G.s 			page 21


 741              	.L40:
 410:Drivers/STM32F1xx_HAL_Driver/Src/stm32f1xx_hal_exti.c ****   }
 411:Drivers/STM32F1xx_HAL_Driver/Src/stm32f1xx_hal_exti.c **** }
 742              		.loc 1 411 1
 743 001c 1846     		mov	r0, r3
 744 001e 0C37     		adds	r7, r7, #12
 745              	.LCFI27:
 746              		.cfi_def_cfa_offset 4
 747 0020 BD46     		mov	sp, r7
 748              	.LCFI28:
 749              		.cfi_def_cfa_register 13
 750              		@ sp needed
 751 0022 80BC     		pop	{r7}
 752              	.LCFI29:
 753              		.cfi_restore 7
 754              		.cfi_def_cfa_offset 0
 755 0024 7047     		bx	lr
 756              		.cfi_endproc
 757              	.LFE69:
 759              		.section	.text.HAL_EXTI_IRQHandler,"ax",%progbits
 760              		.align	1
 761              		.global	HAL_EXTI_IRQHandler
 762              		.syntax unified
 763              		.thumb
 764              		.thumb_func
 766              	HAL_EXTI_IRQHandler:
 767              	.LFB70:
 412:Drivers/STM32F1xx_HAL_Driver/Src/stm32f1xx_hal_exti.c **** 
 413:Drivers/STM32F1xx_HAL_Driver/Src/stm32f1xx_hal_exti.c **** /**
 414:Drivers/STM32F1xx_HAL_Driver/Src/stm32f1xx_hal_exti.c ****   * @}
 415:Drivers/STM32F1xx_HAL_Driver/Src/stm32f1xx_hal_exti.c ****   */
 416:Drivers/STM32F1xx_HAL_Driver/Src/stm32f1xx_hal_exti.c **** 
 417:Drivers/STM32F1xx_HAL_Driver/Src/stm32f1xx_hal_exti.c **** /** @addtogroup EXTI_Exported_Functions_Group2
 418:Drivers/STM32F1xx_HAL_Driver/Src/stm32f1xx_hal_exti.c ****   *  @brief EXTI IO functions.
 419:Drivers/STM32F1xx_HAL_Driver/Src/stm32f1xx_hal_exti.c ****   *
 420:Drivers/STM32F1xx_HAL_Driver/Src/stm32f1xx_hal_exti.c **** @verbatim
 421:Drivers/STM32F1xx_HAL_Driver/Src/stm32f1xx_hal_exti.c ****  ===============================================================================
 422:Drivers/STM32F1xx_HAL_Driver/Src/stm32f1xx_hal_exti.c ****                        ##### IO operation functions #####
 423:Drivers/STM32F1xx_HAL_Driver/Src/stm32f1xx_hal_exti.c ****  ===============================================================================
 424:Drivers/STM32F1xx_HAL_Driver/Src/stm32f1xx_hal_exti.c **** 
 425:Drivers/STM32F1xx_HAL_Driver/Src/stm32f1xx_hal_exti.c **** @endverbatim
 426:Drivers/STM32F1xx_HAL_Driver/Src/stm32f1xx_hal_exti.c ****   * @{
 427:Drivers/STM32F1xx_HAL_Driver/Src/stm32f1xx_hal_exti.c ****   */
 428:Drivers/STM32F1xx_HAL_Driver/Src/stm32f1xx_hal_exti.c **** 
 429:Drivers/STM32F1xx_HAL_Driver/Src/stm32f1xx_hal_exti.c **** /**
 430:Drivers/STM32F1xx_HAL_Driver/Src/stm32f1xx_hal_exti.c ****   * @brief  Handle EXTI interrupt request.
 431:Drivers/STM32F1xx_HAL_Driver/Src/stm32f1xx_hal_exti.c ****   * @param  hexti Exti handle.
 432:Drivers/STM32F1xx_HAL_Driver/Src/stm32f1xx_hal_exti.c ****   * @retval none.
 433:Drivers/STM32F1xx_HAL_Driver/Src/stm32f1xx_hal_exti.c ****   */
 434:Drivers/STM32F1xx_HAL_Driver/Src/stm32f1xx_hal_exti.c **** void HAL_EXTI_IRQHandler(EXTI_HandleTypeDef *hexti)
 435:Drivers/STM32F1xx_HAL_Driver/Src/stm32f1xx_hal_exti.c **** {
 768              		.loc 1 435 1
 769              		.cfi_startproc
 770              		@ args = 0, pretend = 0, frame = 16
 771              		@ frame_needed = 1, uses_anonymous_args = 0
 772 0000 80B5     		push	{r7, lr}
 773              	.LCFI30:
ARM GAS  C:\Users\Matvey\AppData\Local\Temp\ccK3u51G.s 			page 22


 774              		.cfi_def_cfa_offset 8
 775              		.cfi_offset 7, -8
 776              		.cfi_offset 14, -4
 777 0002 84B0     		sub	sp, sp, #16
 778              	.LCFI31:
 779              		.cfi_def_cfa_offset 24
 780 0004 00AF     		add	r7, sp, #0
 781              	.LCFI32:
 782              		.cfi_def_cfa_register 7
 783 0006 7860     		str	r0, [r7, #4]
 436:Drivers/STM32F1xx_HAL_Driver/Src/stm32f1xx_hal_exti.c ****   uint32_t regval;
 437:Drivers/STM32F1xx_HAL_Driver/Src/stm32f1xx_hal_exti.c ****   uint32_t maskline;
 438:Drivers/STM32F1xx_HAL_Driver/Src/stm32f1xx_hal_exti.c **** 
 439:Drivers/STM32F1xx_HAL_Driver/Src/stm32f1xx_hal_exti.c ****   /* Compute line mask */
 440:Drivers/STM32F1xx_HAL_Driver/Src/stm32f1xx_hal_exti.c ****   maskline = (1uL << (hexti->Line & EXTI_PIN_MASK));
 784              		.loc 1 440 28
 785 0008 7B68     		ldr	r3, [r7, #4]
 786 000a 1B68     		ldr	r3, [r3]
 787              		.loc 1 440 35
 788 000c 03F01F03 		and	r3, r3, #31
 789              		.loc 1 440 12
 790 0010 0122     		movs	r2, #1
 791 0012 02FA03F3 		lsl	r3, r2, r3
 792 0016 FB60     		str	r3, [r7, #12]
 441:Drivers/STM32F1xx_HAL_Driver/Src/stm32f1xx_hal_exti.c **** 
 442:Drivers/STM32F1xx_HAL_Driver/Src/stm32f1xx_hal_exti.c ****   /* Get pending bit  */
 443:Drivers/STM32F1xx_HAL_Driver/Src/stm32f1xx_hal_exti.c ****   regval = (EXTI->PR & maskline);
 793              		.loc 1 443 17
 794 0018 0A4B     		ldr	r3, .L44
 795 001a 5B69     		ldr	r3, [r3, #20]
 796              		.loc 1 443 10
 797 001c FA68     		ldr	r2, [r7, #12]
 798 001e 1340     		ands	r3, r3, r2
 799 0020 BB60     		str	r3, [r7, #8]
 444:Drivers/STM32F1xx_HAL_Driver/Src/stm32f1xx_hal_exti.c ****   if (regval != 0x00u)
 800              		.loc 1 444 6
 801 0022 BB68     		ldr	r3, [r7, #8]
 802 0024 002B     		cmp	r3, #0
 803 0026 09D0     		beq	.L43
 445:Drivers/STM32F1xx_HAL_Driver/Src/stm32f1xx_hal_exti.c ****   {
 446:Drivers/STM32F1xx_HAL_Driver/Src/stm32f1xx_hal_exti.c ****     /* Clear pending bit */
 447:Drivers/STM32F1xx_HAL_Driver/Src/stm32f1xx_hal_exti.c ****     EXTI->PR = maskline;
 804              		.loc 1 447 9
 805 0028 064A     		ldr	r2, .L44
 806              		.loc 1 447 14
 807 002a FB68     		ldr	r3, [r7, #12]
 808 002c 5361     		str	r3, [r2, #20]
 448:Drivers/STM32F1xx_HAL_Driver/Src/stm32f1xx_hal_exti.c **** 
 449:Drivers/STM32F1xx_HAL_Driver/Src/stm32f1xx_hal_exti.c ****     /* Call callback */
 450:Drivers/STM32F1xx_HAL_Driver/Src/stm32f1xx_hal_exti.c ****     if (hexti->PendingCallback != NULL)
 809              		.loc 1 450 14
 810 002e 7B68     		ldr	r3, [r7, #4]
 811 0030 5B68     		ldr	r3, [r3, #4]
 812              		.loc 1 450 8
 813 0032 002B     		cmp	r3, #0
 814 0034 02D0     		beq	.L43
 451:Drivers/STM32F1xx_HAL_Driver/Src/stm32f1xx_hal_exti.c ****     {
ARM GAS  C:\Users\Matvey\AppData\Local\Temp\ccK3u51G.s 			page 23


 452:Drivers/STM32F1xx_HAL_Driver/Src/stm32f1xx_hal_exti.c ****       hexti->PendingCallback();
 815              		.loc 1 452 12
 816 0036 7B68     		ldr	r3, [r7, #4]
 817 0038 5B68     		ldr	r3, [r3, #4]
 818              		.loc 1 452 7
 819 003a 9847     		blx	r3
 820              	.LVL0:
 821              	.L43:
 453:Drivers/STM32F1xx_HAL_Driver/Src/stm32f1xx_hal_exti.c ****     }
 454:Drivers/STM32F1xx_HAL_Driver/Src/stm32f1xx_hal_exti.c ****   }
 455:Drivers/STM32F1xx_HAL_Driver/Src/stm32f1xx_hal_exti.c **** }
 822              		.loc 1 455 1
 823 003c 00BF     		nop
 824 003e 1037     		adds	r7, r7, #16
 825              	.LCFI33:
 826              		.cfi_def_cfa_offset 8
 827 0040 BD46     		mov	sp, r7
 828              	.LCFI34:
 829              		.cfi_def_cfa_register 13
 830              		@ sp needed
 831 0042 80BD     		pop	{r7, pc}
 832              	.L45:
 833              		.align	2
 834              	.L44:
 835 0044 00040140 		.word	1073808384
 836              		.cfi_endproc
 837              	.LFE70:
 839              		.section	.text.HAL_EXTI_GetPending,"ax",%progbits
 840              		.align	1
 841              		.global	HAL_EXTI_GetPending
 842              		.syntax unified
 843              		.thumb
 844              		.thumb_func
 846              	HAL_EXTI_GetPending:
 847              	.LFB71:
 456:Drivers/STM32F1xx_HAL_Driver/Src/stm32f1xx_hal_exti.c **** 
 457:Drivers/STM32F1xx_HAL_Driver/Src/stm32f1xx_hal_exti.c **** /**
 458:Drivers/STM32F1xx_HAL_Driver/Src/stm32f1xx_hal_exti.c ****   * @brief  Get interrupt pending bit of a dedicated line.
 459:Drivers/STM32F1xx_HAL_Driver/Src/stm32f1xx_hal_exti.c ****   * @param  hexti Exti handle.
 460:Drivers/STM32F1xx_HAL_Driver/Src/stm32f1xx_hal_exti.c ****   * @param  Edge Specify which pending edge as to be checked.
 461:Drivers/STM32F1xx_HAL_Driver/Src/stm32f1xx_hal_exti.c ****   *         This parameter can be one of the following values:
 462:Drivers/STM32F1xx_HAL_Driver/Src/stm32f1xx_hal_exti.c ****   *           @arg @ref EXTI_TRIGGER_RISING_FALLING
 463:Drivers/STM32F1xx_HAL_Driver/Src/stm32f1xx_hal_exti.c ****   *         This parameter is kept for compatibility with other series.
 464:Drivers/STM32F1xx_HAL_Driver/Src/stm32f1xx_hal_exti.c ****   * @retval 1 if interrupt is pending else 0.
 465:Drivers/STM32F1xx_HAL_Driver/Src/stm32f1xx_hal_exti.c ****   */
 466:Drivers/STM32F1xx_HAL_Driver/Src/stm32f1xx_hal_exti.c **** uint32_t HAL_EXTI_GetPending(EXTI_HandleTypeDef *hexti, uint32_t Edge)
 467:Drivers/STM32F1xx_HAL_Driver/Src/stm32f1xx_hal_exti.c **** {
 848              		.loc 1 467 1
 849              		.cfi_startproc
 850              		@ args = 0, pretend = 0, frame = 24
 851              		@ frame_needed = 1, uses_anonymous_args = 0
 852              		@ link register save eliminated.
 853 0000 80B4     		push	{r7}
 854              	.LCFI35:
 855              		.cfi_def_cfa_offset 4
 856              		.cfi_offset 7, -4
 857 0002 87B0     		sub	sp, sp, #28
ARM GAS  C:\Users\Matvey\AppData\Local\Temp\ccK3u51G.s 			page 24


 858              	.LCFI36:
 859              		.cfi_def_cfa_offset 32
 860 0004 00AF     		add	r7, sp, #0
 861              	.LCFI37:
 862              		.cfi_def_cfa_register 7
 863 0006 7860     		str	r0, [r7, #4]
 864 0008 3960     		str	r1, [r7]
 468:Drivers/STM32F1xx_HAL_Driver/Src/stm32f1xx_hal_exti.c ****   uint32_t regval;
 469:Drivers/STM32F1xx_HAL_Driver/Src/stm32f1xx_hal_exti.c ****   uint32_t maskline;
 470:Drivers/STM32F1xx_HAL_Driver/Src/stm32f1xx_hal_exti.c ****   uint32_t linepos;
 471:Drivers/STM32F1xx_HAL_Driver/Src/stm32f1xx_hal_exti.c **** 
 472:Drivers/STM32F1xx_HAL_Driver/Src/stm32f1xx_hal_exti.c ****   /* Check parameters */
 473:Drivers/STM32F1xx_HAL_Driver/Src/stm32f1xx_hal_exti.c ****   assert_param(IS_EXTI_LINE(hexti->Line));
 474:Drivers/STM32F1xx_HAL_Driver/Src/stm32f1xx_hal_exti.c ****   assert_param(IS_EXTI_CONFIG_LINE(hexti->Line));
 475:Drivers/STM32F1xx_HAL_Driver/Src/stm32f1xx_hal_exti.c ****   assert_param(IS_EXTI_PENDING_EDGE(Edge));
 476:Drivers/STM32F1xx_HAL_Driver/Src/stm32f1xx_hal_exti.c **** 
 477:Drivers/STM32F1xx_HAL_Driver/Src/stm32f1xx_hal_exti.c ****   /* Prevent unused argument compilation warning */
 478:Drivers/STM32F1xx_HAL_Driver/Src/stm32f1xx_hal_exti.c ****   UNUSED(Edge);
 479:Drivers/STM32F1xx_HAL_Driver/Src/stm32f1xx_hal_exti.c **** 
 480:Drivers/STM32F1xx_HAL_Driver/Src/stm32f1xx_hal_exti.c ****   /* Compute line mask */
 481:Drivers/STM32F1xx_HAL_Driver/Src/stm32f1xx_hal_exti.c ****   linepos = (hexti->Line & EXTI_PIN_MASK);
 865              		.loc 1 481 19
 866 000a 7B68     		ldr	r3, [r7, #4]
 867 000c 1B68     		ldr	r3, [r3]
 868              		.loc 1 481 11
 869 000e 03F01F03 		and	r3, r3, #31
 870 0012 7B61     		str	r3, [r7, #20]
 482:Drivers/STM32F1xx_HAL_Driver/Src/stm32f1xx_hal_exti.c ****   maskline = (1uL << linepos);
 871              		.loc 1 482 12
 872 0014 0122     		movs	r2, #1
 873 0016 7B69     		ldr	r3, [r7, #20]
 874 0018 02FA03F3 		lsl	r3, r2, r3
 875 001c 3B61     		str	r3, [r7, #16]
 483:Drivers/STM32F1xx_HAL_Driver/Src/stm32f1xx_hal_exti.c **** 
 484:Drivers/STM32F1xx_HAL_Driver/Src/stm32f1xx_hal_exti.c ****   /* return 1 if bit is set else 0 */
 485:Drivers/STM32F1xx_HAL_Driver/Src/stm32f1xx_hal_exti.c ****   regval = ((EXTI->PR & maskline) >> linepos);
 876              		.loc 1 485 18
 877 001e 074B     		ldr	r3, .L48
 878 0020 5A69     		ldr	r2, [r3, #20]
 879              		.loc 1 485 23
 880 0022 3B69     		ldr	r3, [r7, #16]
 881 0024 1A40     		ands	r2, r2, r3
 882              		.loc 1 485 10
 883 0026 7B69     		ldr	r3, [r7, #20]
 884 0028 22FA03F3 		lsr	r3, r2, r3
 885 002c FB60     		str	r3, [r7, #12]
 486:Drivers/STM32F1xx_HAL_Driver/Src/stm32f1xx_hal_exti.c ****   return regval;
 886              		.loc 1 486 10
 887 002e FB68     		ldr	r3, [r7, #12]
 487:Drivers/STM32F1xx_HAL_Driver/Src/stm32f1xx_hal_exti.c **** }
 888              		.loc 1 487 1
 889 0030 1846     		mov	r0, r3
 890 0032 1C37     		adds	r7, r7, #28
 891              	.LCFI38:
 892              		.cfi_def_cfa_offset 4
 893 0034 BD46     		mov	sp, r7
 894              	.LCFI39:
ARM GAS  C:\Users\Matvey\AppData\Local\Temp\ccK3u51G.s 			page 25


 895              		.cfi_def_cfa_register 13
 896              		@ sp needed
 897 0036 80BC     		pop	{r7}
 898              	.LCFI40:
 899              		.cfi_restore 7
 900              		.cfi_def_cfa_offset 0
 901 0038 7047     		bx	lr
 902              	.L49:
 903 003a 00BF     		.align	2
 904              	.L48:
 905 003c 00040140 		.word	1073808384
 906              		.cfi_endproc
 907              	.LFE71:
 909              		.section	.text.HAL_EXTI_ClearPending,"ax",%progbits
 910              		.align	1
 911              		.global	HAL_EXTI_ClearPending
 912              		.syntax unified
 913              		.thumb
 914              		.thumb_func
 916              	HAL_EXTI_ClearPending:
 917              	.LFB72:
 488:Drivers/STM32F1xx_HAL_Driver/Src/stm32f1xx_hal_exti.c **** 
 489:Drivers/STM32F1xx_HAL_Driver/Src/stm32f1xx_hal_exti.c **** /**
 490:Drivers/STM32F1xx_HAL_Driver/Src/stm32f1xx_hal_exti.c ****   * @brief  Clear interrupt pending bit of a dedicated line.
 491:Drivers/STM32F1xx_HAL_Driver/Src/stm32f1xx_hal_exti.c ****   * @param  hexti Exti handle.
 492:Drivers/STM32F1xx_HAL_Driver/Src/stm32f1xx_hal_exti.c ****   * @param  Edge Specify which pending edge as to be clear.
 493:Drivers/STM32F1xx_HAL_Driver/Src/stm32f1xx_hal_exti.c ****   *         This parameter can be one of the following values:
 494:Drivers/STM32F1xx_HAL_Driver/Src/stm32f1xx_hal_exti.c ****   *           @arg @ref EXTI_TRIGGER_RISING_FALLING
 495:Drivers/STM32F1xx_HAL_Driver/Src/stm32f1xx_hal_exti.c ****   *         This parameter is kept for compatibility with other series.
 496:Drivers/STM32F1xx_HAL_Driver/Src/stm32f1xx_hal_exti.c ****   * @retval None.
 497:Drivers/STM32F1xx_HAL_Driver/Src/stm32f1xx_hal_exti.c ****   */
 498:Drivers/STM32F1xx_HAL_Driver/Src/stm32f1xx_hal_exti.c **** void HAL_EXTI_ClearPending(EXTI_HandleTypeDef *hexti, uint32_t Edge)
 499:Drivers/STM32F1xx_HAL_Driver/Src/stm32f1xx_hal_exti.c **** {
 918              		.loc 1 499 1
 919              		.cfi_startproc
 920              		@ args = 0, pretend = 0, frame = 16
 921              		@ frame_needed = 1, uses_anonymous_args = 0
 922              		@ link register save eliminated.
 923 0000 80B4     		push	{r7}
 924              	.LCFI41:
 925              		.cfi_def_cfa_offset 4
 926              		.cfi_offset 7, -4
 927 0002 85B0     		sub	sp, sp, #20
 928              	.LCFI42:
 929              		.cfi_def_cfa_offset 24
 930 0004 00AF     		add	r7, sp, #0
 931              	.LCFI43:
 932              		.cfi_def_cfa_register 7
 933 0006 7860     		str	r0, [r7, #4]
 934 0008 3960     		str	r1, [r7]
 500:Drivers/STM32F1xx_HAL_Driver/Src/stm32f1xx_hal_exti.c ****   uint32_t maskline;
 501:Drivers/STM32F1xx_HAL_Driver/Src/stm32f1xx_hal_exti.c **** 
 502:Drivers/STM32F1xx_HAL_Driver/Src/stm32f1xx_hal_exti.c ****   /* Check parameters */
 503:Drivers/STM32F1xx_HAL_Driver/Src/stm32f1xx_hal_exti.c ****   assert_param(IS_EXTI_LINE(hexti->Line));
 504:Drivers/STM32F1xx_HAL_Driver/Src/stm32f1xx_hal_exti.c ****   assert_param(IS_EXTI_CONFIG_LINE(hexti->Line));
 505:Drivers/STM32F1xx_HAL_Driver/Src/stm32f1xx_hal_exti.c ****   assert_param(IS_EXTI_PENDING_EDGE(Edge));
 506:Drivers/STM32F1xx_HAL_Driver/Src/stm32f1xx_hal_exti.c **** 
ARM GAS  C:\Users\Matvey\AppData\Local\Temp\ccK3u51G.s 			page 26


 507:Drivers/STM32F1xx_HAL_Driver/Src/stm32f1xx_hal_exti.c ****   /* Prevent unused argument compilation warning */
 508:Drivers/STM32F1xx_HAL_Driver/Src/stm32f1xx_hal_exti.c ****   UNUSED(Edge);
 509:Drivers/STM32F1xx_HAL_Driver/Src/stm32f1xx_hal_exti.c **** 
 510:Drivers/STM32F1xx_HAL_Driver/Src/stm32f1xx_hal_exti.c ****   /* Compute line mask */
 511:Drivers/STM32F1xx_HAL_Driver/Src/stm32f1xx_hal_exti.c ****   maskline = (1uL << (hexti->Line & EXTI_PIN_MASK));
 935              		.loc 1 511 28
 936 000a 7B68     		ldr	r3, [r7, #4]
 937 000c 1B68     		ldr	r3, [r3]
 938              		.loc 1 511 35
 939 000e 03F01F03 		and	r3, r3, #31
 940              		.loc 1 511 12
 941 0012 0122     		movs	r2, #1
 942 0014 02FA03F3 		lsl	r3, r2, r3
 943 0018 FB60     		str	r3, [r7, #12]
 512:Drivers/STM32F1xx_HAL_Driver/Src/stm32f1xx_hal_exti.c **** 
 513:Drivers/STM32F1xx_HAL_Driver/Src/stm32f1xx_hal_exti.c ****   /* Clear Pending bit */
 514:Drivers/STM32F1xx_HAL_Driver/Src/stm32f1xx_hal_exti.c ****   EXTI->PR =  maskline;
 944              		.loc 1 514 7
 945 001a 044A     		ldr	r2, .L51
 946              		.loc 1 514 12
 947 001c FB68     		ldr	r3, [r7, #12]
 948 001e 5361     		str	r3, [r2, #20]
 515:Drivers/STM32F1xx_HAL_Driver/Src/stm32f1xx_hal_exti.c **** }
 949              		.loc 1 515 1
 950 0020 00BF     		nop
 951 0022 1437     		adds	r7, r7, #20
 952              	.LCFI44:
 953              		.cfi_def_cfa_offset 4
 954 0024 BD46     		mov	sp, r7
 955              	.LCFI45:
 956              		.cfi_def_cfa_register 13
 957              		@ sp needed
 958 0026 80BC     		pop	{r7}
 959              	.LCFI46:
 960              		.cfi_restore 7
 961              		.cfi_def_cfa_offset 0
 962 0028 7047     		bx	lr
 963              	.L52:
 964 002a 00BF     		.align	2
 965              	.L51:
 966 002c 00040140 		.word	1073808384
 967              		.cfi_endproc
 968              	.LFE72:
 970              		.section	.text.HAL_EXTI_GenerateSWI,"ax",%progbits
 971              		.align	1
 972              		.global	HAL_EXTI_GenerateSWI
 973              		.syntax unified
 974              		.thumb
 975              		.thumb_func
 977              	HAL_EXTI_GenerateSWI:
 978              	.LFB73:
 516:Drivers/STM32F1xx_HAL_Driver/Src/stm32f1xx_hal_exti.c **** 
 517:Drivers/STM32F1xx_HAL_Driver/Src/stm32f1xx_hal_exti.c **** /**
 518:Drivers/STM32F1xx_HAL_Driver/Src/stm32f1xx_hal_exti.c ****   * @brief  Generate a software interrupt for a dedicated line.
 519:Drivers/STM32F1xx_HAL_Driver/Src/stm32f1xx_hal_exti.c ****   * @param  hexti Exti handle.
 520:Drivers/STM32F1xx_HAL_Driver/Src/stm32f1xx_hal_exti.c ****   * @retval None.
 521:Drivers/STM32F1xx_HAL_Driver/Src/stm32f1xx_hal_exti.c ****   */
ARM GAS  C:\Users\Matvey\AppData\Local\Temp\ccK3u51G.s 			page 27


 522:Drivers/STM32F1xx_HAL_Driver/Src/stm32f1xx_hal_exti.c **** void HAL_EXTI_GenerateSWI(EXTI_HandleTypeDef *hexti)
 523:Drivers/STM32F1xx_HAL_Driver/Src/stm32f1xx_hal_exti.c **** {
 979              		.loc 1 523 1
 980              		.cfi_startproc
 981              		@ args = 0, pretend = 0, frame = 16
 982              		@ frame_needed = 1, uses_anonymous_args = 0
 983              		@ link register save eliminated.
 984 0000 80B4     		push	{r7}
 985              	.LCFI47:
 986              		.cfi_def_cfa_offset 4
 987              		.cfi_offset 7, -4
 988 0002 85B0     		sub	sp, sp, #20
 989              	.LCFI48:
 990              		.cfi_def_cfa_offset 24
 991 0004 00AF     		add	r7, sp, #0
 992              	.LCFI49:
 993              		.cfi_def_cfa_register 7
 994 0006 7860     		str	r0, [r7, #4]
 524:Drivers/STM32F1xx_HAL_Driver/Src/stm32f1xx_hal_exti.c ****   uint32_t maskline;
 525:Drivers/STM32F1xx_HAL_Driver/Src/stm32f1xx_hal_exti.c **** 
 526:Drivers/STM32F1xx_HAL_Driver/Src/stm32f1xx_hal_exti.c ****   /* Check parameters */
 527:Drivers/STM32F1xx_HAL_Driver/Src/stm32f1xx_hal_exti.c ****   assert_param(IS_EXTI_LINE(hexti->Line));
 528:Drivers/STM32F1xx_HAL_Driver/Src/stm32f1xx_hal_exti.c ****   assert_param(IS_EXTI_CONFIG_LINE(hexti->Line));
 529:Drivers/STM32F1xx_HAL_Driver/Src/stm32f1xx_hal_exti.c **** 
 530:Drivers/STM32F1xx_HAL_Driver/Src/stm32f1xx_hal_exti.c ****   /* Compute line mask */
 531:Drivers/STM32F1xx_HAL_Driver/Src/stm32f1xx_hal_exti.c ****   maskline = (1uL << (hexti->Line & EXTI_PIN_MASK));
 995              		.loc 1 531 28
 996 0008 7B68     		ldr	r3, [r7, #4]
 997 000a 1B68     		ldr	r3, [r3]
 998              		.loc 1 531 35
 999 000c 03F01F03 		and	r3, r3, #31
 1000              		.loc 1 531 12
 1001 0010 0122     		movs	r2, #1
 1002 0012 02FA03F3 		lsl	r3, r2, r3
 1003 0016 FB60     		str	r3, [r7, #12]
 532:Drivers/STM32F1xx_HAL_Driver/Src/stm32f1xx_hal_exti.c **** 
 533:Drivers/STM32F1xx_HAL_Driver/Src/stm32f1xx_hal_exti.c ****   /* Generate Software interrupt */
 534:Drivers/STM32F1xx_HAL_Driver/Src/stm32f1xx_hal_exti.c ****   EXTI->SWIER = maskline;
 1004              		.loc 1 534 7
 1005 0018 034A     		ldr	r2, .L54
 1006              		.loc 1 534 15
 1007 001a FB68     		ldr	r3, [r7, #12]
 1008 001c 1361     		str	r3, [r2, #16]
 535:Drivers/STM32F1xx_HAL_Driver/Src/stm32f1xx_hal_exti.c **** }
 1009              		.loc 1 535 1
 1010 001e 00BF     		nop
 1011 0020 1437     		adds	r7, r7, #20
 1012              	.LCFI50:
 1013              		.cfi_def_cfa_offset 4
 1014 0022 BD46     		mov	sp, r7
 1015              	.LCFI51:
 1016              		.cfi_def_cfa_register 13
 1017              		@ sp needed
 1018 0024 80BC     		pop	{r7}
 1019              	.LCFI52:
 1020              		.cfi_restore 7
 1021              		.cfi_def_cfa_offset 0
ARM GAS  C:\Users\Matvey\AppData\Local\Temp\ccK3u51G.s 			page 28


 1022 0026 7047     		bx	lr
 1023              	.L55:
 1024              		.align	2
 1025              	.L54:
 1026 0028 00040140 		.word	1073808384
 1027              		.cfi_endproc
 1028              	.LFE73:
 1030              		.text
 1031              	.Letext0:
 1032              		.file 2 "d:\\portable programs\\stm32-my-toolchain\\gcc-arm-none-eabi-10.3-2021.10\\arm-none-eabi\
 1033              		.file 3 "d:\\portable programs\\stm32-my-toolchain\\gcc-arm-none-eabi-10.3-2021.10\\arm-none-eabi\
 1034              		.file 4 "Drivers/CMSIS/Device/ST/STM32F1xx/Include/stm32f103xb.h"
 1035              		.file 5 "Drivers/STM32F1xx_HAL_Driver/Inc/stm32f1xx_hal_def.h"
 1036              		.file 6 "Drivers/STM32F1xx_HAL_Driver/Inc/stm32f1xx_hal_exti.h"
ARM GAS  C:\Users\Matvey\AppData\Local\Temp\ccK3u51G.s 			page 29


DEFINED SYMBOLS
                            *ABS*:00000000 stm32f1xx_hal_exti.c
C:\Users\Matvey\AppData\Local\Temp\ccK3u51G.s:18     .text.HAL_EXTI_SetConfigLine:00000000 $t
C:\Users\Matvey\AppData\Local\Temp\ccK3u51G.s:24     .text.HAL_EXTI_SetConfigLine:00000000 HAL_EXTI_SetConfigLine
C:\Users\Matvey\AppData\Local\Temp\ccK3u51G.s:269    .text.HAL_EXTI_SetConfigLine:00000144 $d
C:\Users\Matvey\AppData\Local\Temp\ccK3u51G.s:275    .text.HAL_EXTI_GetConfigLine:00000000 $t
C:\Users\Matvey\AppData\Local\Temp\ccK3u51G.s:281    .text.HAL_EXTI_GetConfigLine:00000000 HAL_EXTI_GetConfigLine
C:\Users\Matvey\AppData\Local\Temp\ccK3u51G.s:463    .text.HAL_EXTI_GetConfigLine:000000e8 $d
C:\Users\Matvey\AppData\Local\Temp\ccK3u51G.s:469    .text.HAL_EXTI_ClearConfigLine:00000000 $t
C:\Users\Matvey\AppData\Local\Temp\ccK3u51G.s:475    .text.HAL_EXTI_ClearConfigLine:00000000 HAL_EXTI_ClearConfigLine
C:\Users\Matvey\AppData\Local\Temp\ccK3u51G.s:629    .text.HAL_EXTI_ClearConfigLine:000000b8 $d
C:\Users\Matvey\AppData\Local\Temp\ccK3u51G.s:635    .text.HAL_EXTI_RegisterCallback:00000000 $t
C:\Users\Matvey\AppData\Local\Temp\ccK3u51G.s:641    .text.HAL_EXTI_RegisterCallback:00000000 HAL_EXTI_RegisterCallback
C:\Users\Matvey\AppData\Local\Temp\ccK3u51G.s:702    .text.HAL_EXTI_GetHandle:00000000 $t
C:\Users\Matvey\AppData\Local\Temp\ccK3u51G.s:708    .text.HAL_EXTI_GetHandle:00000000 HAL_EXTI_GetHandle
C:\Users\Matvey\AppData\Local\Temp\ccK3u51G.s:760    .text.HAL_EXTI_IRQHandler:00000000 $t
C:\Users\Matvey\AppData\Local\Temp\ccK3u51G.s:766    .text.HAL_EXTI_IRQHandler:00000000 HAL_EXTI_IRQHandler
C:\Users\Matvey\AppData\Local\Temp\ccK3u51G.s:835    .text.HAL_EXTI_IRQHandler:00000044 $d
C:\Users\Matvey\AppData\Local\Temp\ccK3u51G.s:840    .text.HAL_EXTI_GetPending:00000000 $t
C:\Users\Matvey\AppData\Local\Temp\ccK3u51G.s:846    .text.HAL_EXTI_GetPending:00000000 HAL_EXTI_GetPending
C:\Users\Matvey\AppData\Local\Temp\ccK3u51G.s:905    .text.HAL_EXTI_GetPending:0000003c $d
C:\Users\Matvey\AppData\Local\Temp\ccK3u51G.s:910    .text.HAL_EXTI_ClearPending:00000000 $t
C:\Users\Matvey\AppData\Local\Temp\ccK3u51G.s:916    .text.HAL_EXTI_ClearPending:00000000 HAL_EXTI_ClearPending
C:\Users\Matvey\AppData\Local\Temp\ccK3u51G.s:966    .text.HAL_EXTI_ClearPending:0000002c $d
C:\Users\Matvey\AppData\Local\Temp\ccK3u51G.s:971    .text.HAL_EXTI_GenerateSWI:00000000 $t
C:\Users\Matvey\AppData\Local\Temp\ccK3u51G.s:977    .text.HAL_EXTI_GenerateSWI:00000000 HAL_EXTI_GenerateSWI
C:\Users\Matvey\AppData\Local\Temp\ccK3u51G.s:1026   .text.HAL_EXTI_GenerateSWI:00000028 $d

NO UNDEFINED SYMBOLS
